<?xml version="1.0" encoding="UTF-8"?>
<coverage generated="1742714036460" clover="3.2.0">
  <project timestamp="1742714036460" name="All files">
    <metrics statements="133" coveredstatements="111" conditionals="57" coveredconditionals="44" methods="28" coveredmethods="25" elements="218" coveredelements="180" complexity="0" loc="133" ncloc="133" packages="1" files="3" classes="3"/>
    <file name="Sudoku.ts" path="C:\Users\Mario\Dev\sudoku-gen\src\Sudoku.ts">
      <metrics statements="126" coveredstatements="104" conditionals="55" coveredconditionals="42" methods="26" coveredmethods="23"/>
      <line num="1" count="1" type="stmt"/>
      <line num="6" count="1" type="stmt"/>
      <line num="7" count="90" type="stmt"/>
      <line num="8" count="10" type="stmt"/>
      <line num="15" count="10" type="cond" truecount="1" falsecount="0"/>
      <line num="16" count="3" type="stmt"/>
      <line num="25" count="117" type="stmt"/>
      <line num="34" count="3" type="cond" truecount="1" falsecount="0"/>
      <line num="35" count="1" type="stmt"/>
      <line num="39" count="18" type="stmt"/>
      <line num="40" count="2" type="stmt"/>
      <line num="50" count="27" type="stmt"/>
      <line num="51" count="3" type="stmt"/>
      <line num="54" count="27" type="stmt"/>
      <line num="57" count="3" type="stmt"/>
      <line num="58" count="3" type="stmt"/>
      <line num="60" count="3" type="stmt"/>
      <line num="68" count="4" type="stmt"/>
      <line num="70" count="4" type="cond" truecount="0" falsecount="1"/>
      <line num="72" count="0" type="stmt"/>
      <line num="76" count="36" type="stmt"/>
      <line num="78" count="4" type="cond" truecount="1" falsecount="0"/>
      <line num="79" count="4" type="stmt"/>
      <line num="80" count="36" type="stmt"/>
      <line num="81" count="4" type="stmt"/>
      <line num="84" count="0" type="stmt"/>
      <line num="92" count="2" type="stmt"/>
      <line num="101" count="9" type="stmt"/>
      <line num="102" count="1" type="cond" truecount="2" falsecount="0"/>
      <line num="110" count="0" type="cond" truecount="0" falsecount="1"/>
      <line num="111" count="0" type="stmt"/>
      <line num="112" count="0" type="cond" truecount="0" falsecount="1"/>
      <line num="113" count="0" type="stmt"/>
      <line num="118" count="0" type="stmt"/>
      <line num="119" count="0" type="stmt"/>
      <line num="120" count="0" type="cond" truecount="0" falsecount="1"/>
      <line num="121" count="0" type="stmt"/>
      <line num="129" count="0" type="stmt"/>
      <line num="139" count="4" type="stmt"/>
      <line num="142" count="4" type="cond" truecount="4" falsecount="1"/>
      <line num="143" count="0" type="stmt"/>
      <line num="147" count="4" type="cond" truecount="2" falsecount="1"/>
      <line num="148" count="0" type="stmt"/>
      <line num="152" count="4" type="cond" truecount="0" falsecount="1"/>
      <line num="153" count="0" type="stmt"/>
      <line num="157" count="4" type="cond" truecount="1" falsecount="0"/>
      <line num="158" count="1" type="stmt"/>
      <line num="162" count="3" type="stmt"/>
      <line num="163" count="3" type="stmt"/>
      <line num="172" count="1" type="stmt"/>
      <line num="175" count="1" type="cond" truecount="4" falsecount="1"/>
      <line num="176" count="0" type="stmt"/>
      <line num="179" count="1" type="stmt"/>
      <line num="180" count="1" type="stmt"/>
      <line num="187" count="0" type="stmt"/>
      <line num="188" count="0" type="stmt"/>
      <line num="200" count="5" type="cond" truecount="1" falsecount="0"/>
      <line num="201" count="1" type="stmt"/>
      <line num="204" count="4" type="stmt"/>
      <line num="205" count="36" type="cond" truecount="0" falsecount="1"/>
      <line num="206" count="0" type="stmt"/>
      <line num="210" count="36" type="stmt"/>
      <line num="211" count="324" type="stmt"/>
      <line num="212" count="324" type="cond" truecount="3" falsecount="1"/>
      <line num="213" count="0" type="stmt"/>
      <line num="217" count="324" type="cond" truecount="1" falsecount="0"/>
      <line num="218" count="147" type="stmt"/>
      <line num="222" count="177" type="stmt"/>
      <line num="223" count="177" type="stmt"/>
      <line num="224" count="177" type="stmt"/>
      <line num="225" count="177" type="stmt"/>
      <line num="227" count="177" type="cond" truecount="0" falsecount="1"/>
      <line num="228" count="0" type="stmt"/>
      <line num="233" count="4" type="stmt"/>
      <line num="246" count="47418" type="stmt"/>
      <line num="247" count="269855" type="cond" truecount="3" falsecount="0"/>
      <line num="248" count="32801" type="stmt"/>
      <line num="253" count="14617" type="stmt"/>
      <line num="254" count="94412" type="cond" truecount="3" falsecount="0"/>
      <line num="255" count="6863" type="stmt"/>
      <line num="260" count="7754" type="stmt"/>
      <line num="261" count="7754" type="stmt"/>
      <line num="263" count="7754" type="stmt"/>
      <line num="264" count="20514" type="stmt"/>
      <line num="265" count="59433" type="cond" truecount="4" falsecount="0"/>
      <line num="266" count="2193" type="stmt"/>
      <line num="271" count="5561" type="stmt"/>
      <line num="279" count="4" type="stmt"/>
      <line num="281" count="4" type="stmt"/>
      <line num="282" count="36" type="stmt"/>
      <line num="283" count="324" type="cond" truecount="1" falsecount="0"/>
      <line num="284" count="294" type="stmt"/>
      <line num="289" count="4" type="stmt"/>
      <line num="299" count="5385" type="stmt"/>
      <line num="301" count="5385" type="stmt"/>
      <line num="302" count="20775" type="stmt"/>
      <line num="303" count="171310" type="cond" truecount="1" falsecount="0"/>
      <line num="304" count="5381" type="stmt"/>
      <line num="305" count="5381" type="stmt"/>
      <line num="308" count="20775" type="cond" truecount="1" falsecount="0"/>
      <line num="312" count="5385" type="cond" truecount="1" falsecount="0"/>
      <line num="313" count="4" type="stmt"/>
      <line num="316" count="5381" type="stmt"/>
      <line num="319" count="5381" type="stmt"/>
      <line num="320" count="47237" type="cond" truecount="1" falsecount="0"/>
      <line num="322" count="5381" type="stmt"/>
      <line num="325" count="5381" type="cond" truecount="1" falsecount="0"/>
      <line num="326" count="294" type="stmt"/>
      <line num="330" count="5087" type="stmt"/>
      <line num="335" count="5087" type="stmt"/>
      <line num="344" count="3" type="cond" truecount="3" falsecount="2"/>
      <line num="346" count="1" type="stmt"/>
      <line num="348" count="1" type="stmt"/>
      <line num="350" count="1" type="stmt"/>
      <line num="352" count="0" type="stmt"/>
      <line num="354" count="0" type="stmt"/>
      <line num="363" count="3" type="stmt"/>
      <line num="366" count="3" type="stmt"/>
      <line num="367" count="27" type="stmt"/>
      <line num="368" count="243" type="stmt"/>
      <line num="373" count="3" type="stmt"/>
      <line num="374" count="240" type="stmt"/>
      <line num="375" count="240" type="stmt"/>
      <line num="379" count="3" type="stmt"/>
      <line num="380" count="132" type="stmt"/>
      <line num="381" count="132" type="stmt"/>
    </file>
    <file name="index.ts" path="C:\Users\Mario\Dev\sudoku-gen\src\index.ts">
      <metrics statements="2" coveredstatements="2" conditionals="0" coveredconditionals="0" methods="1" coveredmethods="1"/>
      <line num="1" count="11" type="stmt"/>
      <line num="2" count="1" type="stmt"/>
    </file>
    <file name="types.ts" path="C:\Users\Mario\Dev\sudoku-gen\src\types.ts">
      <metrics statements="5" coveredstatements="5" conditionals="2" coveredconditionals="2" methods="1" coveredmethods="1"/>
      <line num="4" count="1" type="cond" truecount="2" falsecount="0"/>
      <line num="5" count="1" type="stmt"/>
      <line num="6" count="1" type="stmt"/>
      <line num="7" count="1" type="stmt"/>
      <line num="8" count="1" type="stmt"/>
    </file>
  </project>
</coverage>
