<?xml version="1.0" encoding="UTF-8"?>
<coverage generated="1747699260762" clover="3.2.0">
  <project timestamp="1747699260762" name="All files">
    <metrics statements="173" coveredstatements="136" conditionals="69" coveredconditionals="48" methods="31" coveredmethods="27" elements="273" coveredelements="211" complexity="0" loc="173" ncloc="173" packages="1" files="3" classes="3"/>
    <file name="Sudoku.ts" path="/home/runner/work/sudoku-gen/sudoku-gen/src/Sudoku.ts">
      <metrics statements="166" coveredstatements="129" conditionals="67" coveredconditionals="46" methods="29" coveredmethods="25"/>
      <line num="1" count="1" type="stmt"/>
      <line num="6" count="1" type="stmt"/>
      <line num="7" count="90" type="stmt"/>
      <line num="8" count="10" type="stmt"/>
      <line num="15" count="10" type="cond" truecount="1" falsecount="0"/>
      <line num="16" count="3" type="stmt"/>
      <line num="25" count="117" type="stmt"/>
      <line num="34" count="3" type="cond" truecount="1" falsecount="0"/>
      <line num="35" count="1" type="stmt"/>
      <line num="39" count="18" type="stmt"/>
      <line num="40" count="2" type="stmt"/>
      <line num="50" count="27" type="stmt"/>
      <line num="53" count="3" type="stmt"/>
      <line num="56" count="3" type="stmt"/>
      <line num="59" count="27" type="stmt"/>
      <line num="62" count="3" type="stmt"/>
      <line num="63" count="3" type="stmt"/>
      <line num="65" count="3" type="stmt"/>
      <line num="74" count="3" type="stmt"/>
      <line num="75" count="3" type="stmt"/>
      <line num="78" count="3" type="stmt"/>
      <line num="79" count="24" type="stmt"/>
      <line num="80" count="24" type="stmt"/>
      <line num="84" count="3" type="stmt"/>
      <line num="85" count="3" type="stmt"/>
      <line num="86" count="3" type="stmt"/>
      <line num="88" count="3" type="cond" truecount="2" falsecount="0"/>
      <line num="89" count="49" type="stmt"/>
      <line num="92" count="49" type="stmt"/>
      <line num="93" count="49" type="stmt"/>
      <line num="96" count="49" type="cond" truecount="1" falsecount="0"/>
      <line num="97" count="7" type="stmt"/>
      <line num="101" count="42" type="stmt"/>
      <line num="102" count="88" type="cond" truecount="1" falsecount="0"/>
      <line num="103" count="42" type="stmt"/>
      <line num="104" count="42" type="stmt"/>
      <line num="105" count="42" type="stmt"/>
      <line num="116" count="4" type="stmt"/>
      <line num="118" count="4" type="cond" truecount="0" falsecount="1"/>
      <line num="120" count="0" type="stmt"/>
      <line num="124" count="36" type="stmt"/>
      <line num="126" count="4" type="cond" truecount="1" falsecount="0"/>
      <line num="127" count="4" type="stmt"/>
      <line num="128" count="36" type="stmt"/>
      <line num="129" count="4" type="stmt"/>
      <line num="132" count="0" type="stmt"/>
      <line num="140" count="2" type="stmt"/>
      <line num="149" count="9" type="stmt"/>
      <line num="150" count="1" type="cond" truecount="2" falsecount="0"/>
      <line num="158" count="0" type="cond" truecount="0" falsecount="1"/>
      <line num="159" count="0" type="stmt"/>
      <line num="160" count="0" type="cond" truecount="0" falsecount="1"/>
      <line num="161" count="0" type="stmt"/>
      <line num="166" count="0" type="stmt"/>
      <line num="167" count="0" type="stmt"/>
      <line num="168" count="0" type="cond" truecount="0" falsecount="1"/>
      <line num="169" count="0" type="stmt"/>
      <line num="177" count="0" type="stmt"/>
      <line num="187" count="4" type="stmt"/>
      <line num="190" count="4" type="cond" truecount="4" falsecount="1"/>
      <line num="191" count="0" type="stmt"/>
      <line num="195" count="4" type="cond" truecount="2" falsecount="1"/>
      <line num="196" count="0" type="stmt"/>
      <line num="200" count="4" type="cond" truecount="0" falsecount="1"/>
      <line num="201" count="0" type="stmt"/>
      <line num="205" count="4" type="cond" truecount="1" falsecount="0"/>
      <line num="206" count="1" type="stmt"/>
      <line num="210" count="3" type="stmt"/>
      <line num="211" count="3" type="stmt"/>
      <line num="220" count="1" type="stmt"/>
      <line num="223" count="1" type="cond" truecount="4" falsecount="1"/>
      <line num="224" count="0" type="stmt"/>
      <line num="227" count="1" type="stmt"/>
      <line num="228" count="1" type="stmt"/>
      <line num="235" count="0" type="stmt"/>
      <line num="236" count="0" type="stmt"/>
      <line num="245" count="0" type="cond" truecount="0" falsecount="2"/>
      <line num="246" count="0" type="stmt"/>
      <line num="249" count="0" type="stmt"/>
      <line num="251" count="0" type="stmt"/>
      <line num="252" count="0" type="stmt"/>
      <line num="254" count="0" type="stmt"/>
      <line num="256" count="0" type="cond" truecount="0" falsecount="2"/>
      <line num="257" count="0" type="stmt"/>
      <line num="260" count="0" type="cond" truecount="0" falsecount="1"/>
      <line num="261" count="0" type="stmt"/>
      <line num="265" count="0" type="stmt"/>
      <line num="268" count="0" type="cond" truecount="0" falsecount="3"/>
      <line num="269" count="0" type="stmt"/>
      <line num="274" count="0" type="stmt"/>
      <line num="276" count="0" type="stmt"/>
      <line num="288" count="5" type="cond" truecount="1" falsecount="0"/>
      <line num="289" count="1" type="stmt"/>
      <line num="292" count="4" type="stmt"/>
      <line num="293" count="36" type="cond" truecount="0" falsecount="1"/>
      <line num="294" count="0" type="stmt"/>
      <line num="298" count="36" type="stmt"/>
      <line num="299" count="324" type="stmt"/>
      <line num="300" count="324" type="cond" truecount="3" falsecount="1"/>
      <line num="301" count="0" type="stmt"/>
      <line num="305" count="324" type="cond" truecount="1" falsecount="0"/>
      <line num="306" count="147" type="stmt"/>
      <line num="310" count="177" type="stmt"/>
      <line num="311" count="177" type="stmt"/>
      <line num="312" count="177" type="stmt"/>
      <line num="313" count="177" type="stmt"/>
      <line num="315" count="177" type="cond" truecount="0" falsecount="1"/>
      <line num="316" count="0" type="stmt"/>
      <line num="321" count="4" type="stmt"/>
      <line num="334" count="28215" type="stmt"/>
      <line num="335" count="162659" type="cond" truecount="3" falsecount="0"/>
      <line num="336" count="19276" type="stmt"/>
      <line num="341" count="8939" type="stmt"/>
      <line num="342" count="57344" type="cond" truecount="3" falsecount="0"/>
      <line num="343" count="4372" type="stmt"/>
      <line num="348" count="4567" type="stmt"/>
      <line num="349" count="4567" type="stmt"/>
      <line num="351" count="4567" type="stmt"/>
      <line num="352" count="12559" type="stmt"/>
      <line num="353" count="36540" type="cond" truecount="4" falsecount="0"/>
      <line num="354" count="1114" type="stmt"/>
      <line num="359" count="3453" type="stmt"/>
      <line num="367" count="4" type="stmt"/>
      <line num="369" count="4" type="stmt"/>
      <line num="370" count="36" type="stmt"/>
      <line num="371" count="324" type="cond" truecount="1" falsecount="0"/>
      <line num="372" count="252" type="stmt"/>
      <line num="377" count="4" type="stmt"/>
      <line num="387" count="3235" type="stmt"/>
      <line num="389" count="3235" type="stmt"/>
      <line num="390" count="13191" type="stmt"/>
      <line num="391" count="108664" type="cond" truecount="1" falsecount="0"/>
      <line num="392" count="3231" type="stmt"/>
      <line num="393" count="3231" type="stmt"/>
      <line num="396" count="13191" type="cond" truecount="1" falsecount="0"/>
      <line num="400" count="3235" type="cond" truecount="1" falsecount="0"/>
      <line num="401" count="4" type="stmt"/>
      <line num="404" count="3231" type="stmt"/>
      <line num="407" count="3231" type="stmt"/>
      <line num="408" count="3231" type="stmt"/>
      <line num="411" count="3231" type="stmt"/>
      <line num="412" count="27946" type="cond" truecount="1" falsecount="0"/>
      <line num="414" count="3231" type="stmt"/>
      <line num="417" count="3231" type="cond" truecount="1" falsecount="0"/>
      <line num="418" count="252" type="stmt"/>
      <line num="422" count="2979" type="stmt"/>
      <line num="427" count="2979" type="stmt"/>
      <line num="435" count="3231" type="stmt"/>
      <line num="436" count="25848" type="stmt"/>
      <line num="437" count="25848" type="stmt"/>
      <line num="447" count="3" type="cond" truecount="3" falsecount="2"/>
      <line num="449" count="1" type="stmt"/>
      <line num="451" count="1" type="stmt"/>
      <line num="453" count="1" type="stmt"/>
      <line num="455" count="0" type="stmt"/>
      <line num="457" count="0" type="stmt"/>
      <line num="466" count="3" type="stmt"/>
      <line num="469" count="3" type="stmt"/>
      <line num="470" count="27" type="stmt"/>
      <line num="471" count="243" type="stmt"/>
      <line num="476" count="3" type="stmt"/>
      <line num="477" count="240" type="stmt"/>
      <line num="478" count="240" type="stmt"/>
      <line num="482" count="3" type="stmt"/>
      <line num="483" count="132" type="stmt"/>
      <line num="484" count="132" type="stmt"/>
    </file>
    <file name="index.ts" path="/home/runner/work/sudoku-gen/sudoku-gen/src/index.ts">
      <metrics statements="2" coveredstatements="2" conditionals="0" coveredconditionals="0" methods="1" coveredmethods="1"/>
      <line num="1" count="11" type="stmt"/>
      <line num="2" count="1" type="stmt"/>
    </file>
    <file name="types.ts" path="/home/runner/work/sudoku-gen/sudoku-gen/src/types.ts">
      <metrics statements="5" coveredstatements="5" conditionals="2" coveredconditionals="2" methods="1" coveredmethods="1"/>
      <line num="4" count="1" type="cond" truecount="2" falsecount="0"/>
      <line num="5" count="1" type="stmt"/>
      <line num="6" count="1" type="stmt"/>
      <line num="7" count="1" type="stmt"/>
      <line num="8" count="1" type="stmt"/>
    </file>
  </project>
</coverage>
