{"C:\\Users\\Mario\\Dev\\sudoku-gen\\src\\Sudoku.ts": {"path":"C:\\Users\\Mario\\Dev\\sudoku-gen\\src\\Sudoku.ts","statementMap":{"0":{"start":{"line":1,"column":0},"end":{"line":1,"column":65}},"1":{"start":{"line":7,"column":10},"end":{"line":7,"column":74}},"2":{"start":{"line":7,"column":56},"end":{"line":7,"column":72}},"3":{"start":{"line":8,"column":10},"end":{"line":8,"column":45}},"4":{"start":{"line":15,"column":4},"end":{"line":17,"column":5}},"5":{"start":{"line":16,"column":6},"end":{"line":16,"column":25}},"6":{"start":{"line":25,"column":4},"end":{"line":25,"column":42}},"7":{"start":{"line":25,"column":32},"end":{"line":25,"column":40}},"8":{"start":{"line":34,"column":4},"end":{"line":36,"column":5}},"9":{"start":{"line":35,"column":6},"end":{"line":35,"column":45}},"10":{"start":{"line":39,"column":4},"end":{"line":39,"column":42}},"11":{"start":{"line":39,"column":32},"end":{"line":39,"column":40}},"12":{"start":{"line":40,"column":4},"end":{"line":40,"column":25}},"13":{"start":{"line":50,"column":4},"end":{"line":50,"column":61}},"14":{"start":{"line":50,"column":43},"end":{"line":50,"column":59}},"15":{"start":{"line":51,"column":4},"end":{"line":51,"column":17}},"16":{"start":{"line":54,"column":4},"end":{"line":54,"column":51}},"17":{"start":{"line":54,"column":41},"end":{"line":54,"column":49}},"18":{"start":{"line":57,"column":26},"end":{"line":57,"column":71}},"19":{"start":{"line":58,"column":4},"end":{"line":58,"column":42}},"20":{"start":{"line":60,"column":4},"end":{"line":60,"column":26}},"21":{"start":{"line":68,"column":23},"end":{"line":68,"column":44}},"22":{"start":{"line":70,"column":4},"end":{"line":73,"column":5}},"23":{"start":{"line":72,"column":6},"end":{"line":72,"column":28}},"24":{"start":{"line":76,"column":24},"end":{"line":76,"column":54}},"25":{"start":{"line":76,"column":45},"end":{"line":76,"column":53}},"26":{"start":{"line":78,"column":4},"end":{"line":82,"column":5}},"27":{"start":{"line":79,"column":6},"end":{"line":79,"column":30}},"28":{"start":{"line":80,"column":6},"end":{"line":80,"column":55}},"29":{"start":{"line":80,"column":45},"end":{"line":80,"column":53}},"30":{"start":{"line":81,"column":6},"end":{"line":81,"column":28}},"31":{"start":{"line":84,"column":4},"end":{"line":84,"column":16}},"32":{"start":{"line":92,"column":4},"end":{"line":92,"column":39}},"33":{"start":{"line":101,"column":26},"end":{"line":101,"column":64}},"34":{"start":{"line":101,"column":48},"end":{"line":101,"column":63}},"35":{"start":{"line":102,"column":4},"end":{"line":102,"column":44}},"36":{"start":{"line":110,"column":4},"end":{"line":115,"column":5}},"37":{"start":{"line":111,"column":6},"end":{"line":111,"column":19}},"38":{"start":{"line":112,"column":6},"end":{"line":114,"column":7}},"39":{"start":{"line":113,"column":8},"end":{"line":113,"column":20}},"40":{"start":{"line":118,"column":4},"end":{"line":127,"column":5}},"41":{"start":{"line":118,"column":19},"end":{"line":118,"column":20}},"42":{"start":{"line":119,"column":6},"end":{"line":126,"column":7}},"43":{"start":{"line":119,"column":21},"end":{"line":119,"column":22}},"44":{"start":{"line":120,"column":8},"end":{"line":125,"column":9}},"45":{"start":{"line":121,"column":10},"end":{"line":124,"column":12}},"46":{"start":{"line":129,"column":4},"end":{"line":129,"column":16}},"47":{"start":{"line":139,"column":25},"end":{"line":139,"column":33}},"48":{"start":{"line":142,"column":4},"end":{"line":144,"column":5}},"49":{"start":{"line":143,"column":6},"end":{"line":143,"column":19}},"50":{"start":{"line":147,"column":4},"end":{"line":149,"column":5}},"51":{"start":{"line":148,"column":6},"end":{"line":148,"column":19}},"52":{"start":{"line":152,"column":4},"end":{"line":154,"column":5}},"53":{"start":{"line":153,"column":6},"end":{"line":153,"column":19}},"54":{"start":{"line":157,"column":4},"end":{"line":159,"column":5}},"55":{"start":{"line":158,"column":6},"end":{"line":158,"column":19}},"56":{"start":{"line":162,"column":4},"end":{"line":162,"column":32}},"57":{"start":{"line":163,"column":4},"end":{"line":163,"column":16}},"58":{"start":{"line":172,"column":25},"end":{"line":172,"column":33}},"59":{"start":{"line":175,"column":4},"end":{"line":177,"column":5}},"60":{"start":{"line":176,"column":6},"end":{"line":176,"column":19}},"61":{"start":{"line":179,"column":4},"end":{"line":179,"column":28}},"62":{"start":{"line":180,"column":4},"end":{"line":180,"column":16}},"63":{"start":{"line":187,"column":4},"end":{"line":187,"column":61}},"64":{"start":{"line":187,"column":43},"end":{"line":187,"column":59}},"65":{"start":{"line":188,"column":4},"end":{"line":188,"column":25}},"66":{"start":{"line":200,"column":4},"end":{"line":202,"column":5}},"67":{"start":{"line":201,"column":6},"end":{"line":201,"column":19}},"68":{"start":{"line":204,"column":4},"end":{"line":231,"column":5}},"69":{"start":{"line":204,"column":19},"end":{"line":204,"column":20}},"70":{"start":{"line":205,"column":6},"end":{"line":207,"column":7}},"71":{"start":{"line":206,"column":8},"end":{"line":206,"column":21}},"72":{"start":{"line":210,"column":6},"end":{"line":230,"column":7}},"73":{"start":{"line":210,"column":21},"end":{"line":210,"column":22}},"74":{"start":{"line":211,"column":22},"end":{"line":211,"column":36}},"75":{"start":{"line":212,"column":8},"end":{"line":214,"column":9}},"76":{"start":{"line":213,"column":10},"end":{"line":213,"column":23}},"77":{"start":{"line":217,"column":8},"end":{"line":219,"column":9}},"78":{"start":{"line":218,"column":10},"end":{"line":218,"column":19}},"79":{"start":{"line":222,"column":21},"end":{"line":222,"column":35}},"80":{"start":{"line":223,"column":8},"end":{"line":223,"column":27}},"81":{"start":{"line":224,"column":24},"end":{"line":224,"column":67}},"82":{"start":{"line":225,"column":8},"end":{"line":225,"column":30}},"83":{"start":{"line":227,"column":8},"end":{"line":229,"column":9}},"84":{"start":{"line":228,"column":10},"end":{"line":228,"column":23}},"85":{"start":{"line":233,"column":4},"end":{"line":233,"column":16}},"86":{"start":{"line":246,"column":4},"end":{"line":250,"column":5}},"87":{"start":{"line":246,"column":17},"end":{"line":246,"column":18}},"88":{"start":{"line":247,"column":6},"end":{"line":249,"column":7}},"89":{"start":{"line":248,"column":8},"end":{"line":248,"column":21}},"90":{"start":{"line":253,"column":4},"end":{"line":257,"column":5}},"91":{"start":{"line":253,"column":17},"end":{"line":253,"column":18}},"92":{"start":{"line":254,"column":6},"end":{"line":256,"column":7}},"93":{"start":{"line":255,"column":8},"end":{"line":255,"column":21}},"94":{"start":{"line":260,"column":24},"end":{"line":260,"column":47}},"95":{"start":{"line":261,"column":24},"end":{"line":261,"column":47}},"96":{"start":{"line":263,"column":4},"end":{"line":269,"column":5}},"97":{"start":{"line":263,"column":17},"end":{"line":263,"column":28}},"98":{"start":{"line":264,"column":6},"end":{"line":268,"column":7}},"99":{"start":{"line":264,"column":19},"end":{"line":264,"column":30}},"100":{"start":{"line":265,"column":8},"end":{"line":267,"column":9}},"101":{"start":{"line":266,"column":10},"end":{"line":266,"column":23}},"102":{"start":{"line":271,"column":4},"end":{"line":271,"column":16}},"103":{"start":{"line":279,"column":35},"end":{"line":279,"column":37}},"104":{"start":{"line":281,"column":4},"end":{"line":287,"column":5}},"105":{"start":{"line":281,"column":19},"end":{"line":281,"column":20}},"106":{"start":{"line":282,"column":6},"end":{"line":286,"column":7}},"107":{"start":{"line":282,"column":21},"end":{"line":282,"column":22}},"108":{"start":{"line":283,"column":8},"end":{"line":285,"column":9}},"109":{"start":{"line":284,"column":10},"end":{"line":284,"column":40}},"110":{"start":{"line":289,"column":4},"end":{"line":289,"column":22}},"111":{"start":{"line":299,"column":37},"end":{"line":299,"column":41}},"112":{"start":{"line":301,"column":4},"end":{"line":309,"column":5}},"113":{"start":{"line":301,"column":19},"end":{"line":301,"column":20}},"114":{"start":{"line":302,"column":6},"end":{"line":307,"column":7}},"115":{"start":{"line":302,"column":21},"end":{"line":302,"column":22}},"116":{"start":{"line":303,"column":8},"end":{"line":306,"column":9}},"117":{"start":{"line":304,"column":10},"end":{"line":304,"column":35}},"118":{"start":{"line":305,"column":10},"end":{"line":305,"column":16}},"119":{"start":{"line":308,"column":6},"end":{"line":308,"column":27}},"120":{"start":{"line":308,"column":21},"end":{"line":308,"column":27}},"121":{"start":{"line":312,"column":4},"end":{"line":314,"column":5}},"122":{"start":{"line":313,"column":6},"end":{"line":313,"column":18}},"123":{"start":{"line":316,"column":25},"end":{"line":316,"column":34}},"124":{"start":{"line":319,"column":4},"end":{"line":332,"column":5}},"125":{"start":{"line":319,"column":19},"end":{"line":319,"column":20}},"126":{"start":{"line":320,"column":6},"end":{"line":331,"column":7}},"127":{"start":{"line":322,"column":8},"end":{"line":322,"column":29}},"128":{"start":{"line":325,"column":8},"end":{"line":327,"column":9}},"129":{"start":{"line":326,"column":10},"end":{"line":326,"column":22}},"130":{"start":{"line":330,"column":8},"end":{"line":330,"column":27}},"131":{"start":{"line":335,"column":4},"end":{"line":335,"column":17}},"132":{"start":{"line":344,"column":4},"end":{"line":355,"column":5}},"133":{"start":{"line":346,"column":8},"end":{"line":346,"column":18}},"134":{"start":{"line":348,"column":8},"end":{"line":348,"column":18}},"135":{"start":{"line":350,"column":8},"end":{"line":350,"column":18}},"136":{"start":{"line":352,"column":8},"end":{"line":352,"column":18}},"137":{"start":{"line":354,"column":8},"end":{"line":354,"column":18}},"138":{"start":{"line":363,"column":34},"end":{"line":363,"column":36}},"139":{"start":{"line":366,"column":4},"end":{"line":370,"column":5}},"140":{"start":{"line":366,"column":19},"end":{"line":366,"column":20}},"141":{"start":{"line":367,"column":6},"end":{"line":369,"column":7}},"142":{"start":{"line":367,"column":21},"end":{"line":367,"column":22}},"143":{"start":{"line":368,"column":8},"end":{"line":368,"column":37}},"144":{"start":{"line":373,"column":4},"end":{"line":376,"column":5}},"145":{"start":{"line":373,"column":17},"end":{"line":373,"column":37}},"146":{"start":{"line":374,"column":16},"end":{"line":374,"column":51}},"147":{"start":{"line":375,"column":6},"end":{"line":375,"column":66}},"148":{"start":{"line":379,"column":4},"end":{"line":382,"column":5}},"149":{"start":{"line":379,"column":17},"end":{"line":379,"column":18}},"150":{"start":{"line":380,"column":27},"end":{"line":380,"column":39}},"151":{"start":{"line":381,"column":6},"end":{"line":381,"column":30}},"152":{"start":{"line":6,"column":0},"end":{"line":6,"column":13}}},"fnMap":{"0":{"name":"(anonymous_0)","decl":{"start":{"line":14,"column":2},"end":{"line":14,"column":14}},"loc":{"start":{"line":14,"column":31},"end":{"line":18,"column":3}}},"1":{"name":"(anonymous_1)","decl":{"start":{"line":7,"column":50},"end":{"line":7,"column":53}},"loc":{"start":{"line":7,"column":56},"end":{"line":7,"column":72}}},"2":{"name":"(anonymous_2)","decl":{"start":{"line":24,"column":9},"end":{"line":24,"column":16}},"loc":{"start":{"line":24,"column":16},"end":{"line":26,"column":3}}},"3":{"name":"(anonymous_3)","decl":{"start":{"line":25,"column":25},"end":{"line":25,"column":28}},"loc":{"start":{"line":25,"column":32},"end":{"line":25,"column":40}}},"4":{"name":"(anonymous_4)","decl":{"start":{"line":33,"column":9},"end":{"line":33,"column":16}},"loc":{"start":{"line":33,"column":33},"end":{"line":41,"column":3}}},"5":{"name":"(anonymous_5)","decl":{"start":{"line":39,"column":25},"end":{"line":39,"column":28}},"loc":{"start":{"line":39,"column":32},"end":{"line":39,"column":40}}},"6":{"name":"(anonymous_6)","decl":{"start":{"line":48,"column":9},"end":{"line":48,"column":17}},"loc":{"start":{"line":48,"column":72},"end":{"line":61,"column":3}}},"7":{"name":"(anonymous_7)","decl":{"start":{"line":50,"column":37},"end":{"line":50,"column":40}},"loc":{"start":{"line":50,"column":43},"end":{"line":50,"column":59}}},"8":{"name":"(anonymous_8)","decl":{"start":{"line":54,"column":34},"end":{"line":54,"column":37}},"loc":{"start":{"line":54,"column":41},"end":{"line":54,"column":49}}},"9":{"name":"(anonymous_9)","decl":{"start":{"line":67,"column":9},"end":{"line":67,"column":14}},"loc":{"start":{"line":67,"column":14},"end":{"line":85,"column":3}}},"10":{"name":"(anonymous_10)","decl":{"start":{"line":76,"column":38},"end":{"line":76,"column":41}},"loc":{"start":{"line":76,"column":45},"end":{"line":76,"column":53}}},"11":{"name":"(anonymous_11)","decl":{"start":{"line":80,"column":38},"end":{"line":80,"column":41}},"loc":{"start":{"line":80,"column":45},"end":{"line":80,"column":53}}},"12":{"name":"(anonymous_12)","decl":{"start":{"line":91,"column":9},"end":{"line":91,"column":16}},"loc":{"start":{"line":91,"column":16},"end":{"line":93,"column":3}}},"13":{"name":"(anonymous_13)","decl":{"start":{"line":99,"column":9},"end":{"line":99,"column":17}},"loc":{"start":{"line":99,"column":17},"end":{"line":103,"column":3}}},"14":{"name":"(anonymous_14)","decl":{"start":{"line":101,"column":41},"end":{"line":101,"column":44}},"loc":{"start":{"line":101,"column":48},"end":{"line":101,"column":63}}},"15":{"name":"(anonymous_15)","decl":{"start":{"line":109,"column":9},"end":{"line":109,"column":16}},"loc":{"start":{"line":109,"column":16},"end":{"line":130,"column":3}}},"16":{"name":"(anonymous_16)","decl":{"start":{"line":138,"column":9},"end":{"line":138,"column":20}},"loc":{"start":{"line":138,"column":54},"end":{"line":164,"column":3}}},"17":{"name":"(anonymous_17)","decl":{"start":{"line":171,"column":9},"end":{"line":171,"column":18}},"loc":{"start":{"line":171,"column":37},"end":{"line":181,"column":3}}},"18":{"name":"(anonymous_18)","decl":{"start":{"line":186,"column":9},"end":{"line":186,"column":14}},"loc":{"start":{"line":186,"column":14},"end":{"line":189,"column":3}}},"19":{"name":"(anonymous_19)","decl":{"start":{"line":187,"column":37},"end":{"line":187,"column":40}},"loc":{"start":{"line":187,"column":43},"end":{"line":187,"column":59}}},"20":{"name":"(anonymous_20)","decl":{"start":{"line":198,"column":10},"end":{"line":198,"column":21}},"loc":{"start":{"line":198,"column":38},"end":{"line":234,"column":3}}},"21":{"name":"(anonymous_21)","decl":{"start":{"line":244,"column":10},"end":{"line":244,"column":26}},"loc":{"start":{"line":244,"column":96},"end":{"line":272,"column":3}}},"22":{"name":"(anonymous_22)","decl":{"start":{"line":278,"column":10},"end":{"line":278,"column":24}},"loc":{"start":{"line":278,"column":24},"end":{"line":290,"column":3}}},"23":{"name":"(anonymous_23)","decl":{"start":{"line":297,"column":10},"end":{"line":297,"column":24}},"loc":{"start":{"line":297,"column":41},"end":{"line":336,"column":3}}},"24":{"name":"(anonymous_24)","decl":{"start":{"line":343,"column":10},"end":{"line":343,"column":38}},"loc":{"start":{"line":343,"column":67},"end":{"line":356,"column":3}}},"25":{"name":"(anonymous_25)","decl":{"start":{"line":362,"column":10},"end":{"line":362,"column":27}},"loc":{"start":{"line":362,"column":41},"end":{"line":383,"column":3}}}},"branchMap":{"0":{"loc":{"start":{"line":15,"column":4},"end":{"line":17,"column":5}},"type":"if","locations":[{"start":{"line":15,"column":4},"end":{"line":17,"column":5}}]},"1":{"loc":{"start":{"line":34,"column":4},"end":{"line":36,"column":5}},"type":"if","locations":[{"start":{"line":34,"column":4},"end":{"line":36,"column":5}}]},"2":{"loc":{"start":{"line":48,"column":18},"end":{"line":48,"column":72}},"type":"default-arg","locations":[{"start":{"line":48,"column":49},"end":{"line":48,"column":72}}]},"3":{"loc":{"start":{"line":70,"column":4},"end":{"line":73,"column":5}},"type":"if","locations":[{"start":{"line":70,"column":4},"end":{"line":73,"column":5}}]},"4":{"loc":{"start":{"line":78,"column":4},"end":{"line":82,"column":5}},"type":"if","locations":[{"start":{"line":78,"column":4},"end":{"line":82,"column":5}}]},"5":{"loc":{"start":{"line":102,"column":11},"end":{"line":102,"column":43}},"type":"binary-expr","locations":[{"start":{"line":102,"column":11},"end":{"line":102,"column":25}},{"start":{"line":102,"column":29},"end":{"line":102,"column":43}}]},"6":{"loc":{"start":{"line":110,"column":4},"end":{"line":115,"column":5}},"type":"if","locations":[{"start":{"line":110,"column":4},"end":{"line":115,"column":5}}]},"7":{"loc":{"start":{"line":112,"column":6},"end":{"line":114,"column":7}},"type":"if","locations":[{"start":{"line":112,"column":6},"end":{"line":114,"column":7}}]},"8":{"loc":{"start":{"line":120,"column":8},"end":{"line":125,"column":9}},"type":"if","locations":[{"start":{"line":120,"column":8},"end":{"line":125,"column":9}}]},"9":{"loc":{"start":{"line":142,"column":4},"end":{"line":144,"column":5}},"type":"if","locations":[{"start":{"line":142,"column":4},"end":{"line":144,"column":5}}]},"10":{"loc":{"start":{"line":142,"column":8},"end":{"line":142,"column":50}},"type":"binary-expr","locations":[{"start":{"line":142,"column":8},"end":{"line":142,"column":15}},{"start":{"line":142,"column":19},"end":{"line":142,"column":27}},{"start":{"line":142,"column":31},"end":{"line":142,"column":38}},{"start":{"line":142,"column":42},"end":{"line":142,"column":50}}]},"11":{"loc":{"start":{"line":147,"column":4},"end":{"line":149,"column":5}},"type":"if","locations":[{"start":{"line":147,"column":4},"end":{"line":149,"column":5}}]},"12":{"loc":{"start":{"line":147,"column":8},"end":{"line":147,"column":30}},"type":"binary-expr","locations":[{"start":{"line":147,"column":8},"end":{"line":147,"column":17}},{"start":{"line":147,"column":21},"end":{"line":147,"column":30}}]},"13":{"loc":{"start":{"line":152,"column":4},"end":{"line":154,"column":5}},"type":"if","locations":[{"start":{"line":152,"column":4},"end":{"line":154,"column":5}}]},"14":{"loc":{"start":{"line":157,"column":4},"end":{"line":159,"column":5}},"type":"if","locations":[{"start":{"line":157,"column":4},"end":{"line":159,"column":5}}]},"15":{"loc":{"start":{"line":175,"column":4},"end":{"line":177,"column":5}},"type":"if","locations":[{"start":{"line":175,"column":4},"end":{"line":177,"column":5}}]},"16":{"loc":{"start":{"line":175,"column":8},"end":{"line":175,"column":50}},"type":"binary-expr","locations":[{"start":{"line":175,"column":8},"end":{"line":175,"column":15}},{"start":{"line":175,"column":19},"end":{"line":175,"column":27}},{"start":{"line":175,"column":31},"end":{"line":175,"column":38}},{"start":{"line":175,"column":42},"end":{"line":175,"column":50}}]},"17":{"loc":{"start":{"line":200,"column":4},"end":{"line":202,"column":5}},"type":"if","locations":[{"start":{"line":200,"column":4},"end":{"line":202,"column":5}}]},"18":{"loc":{"start":{"line":205,"column":6},"end":{"line":207,"column":7}},"type":"if","locations":[{"start":{"line":205,"column":6},"end":{"line":207,"column":7}}]},"19":{"loc":{"start":{"line":212,"column":8},"end":{"line":214,"column":9}},"type":"if","locations":[{"start":{"line":212,"column":8},"end":{"line":214,"column":9}}]},"20":{"loc":{"start":{"line":212,"column":12},"end":{"line":212,"column":62}},"type":"binary-expr","locations":[{"start":{"line":212,"column":12},"end":{"line":212,"column":21}},{"start":{"line":212,"column":25},"end":{"line":212,"column":34}},{"start":{"line":212,"column":38},"end":{"line":212,"column":62}}]},"21":{"loc":{"start":{"line":217,"column":8},"end":{"line":219,"column":9}},"type":"if","locations":[{"start":{"line":217,"column":8},"end":{"line":219,"column":9}}]},"22":{"loc":{"start":{"line":227,"column":8},"end":{"line":229,"column":9}},"type":"if","locations":[{"start":{"line":227,"column":8},"end":{"line":229,"column":9}}]},"23":{"loc":{"start":{"line":244,"column":68},"end":{"line":244,"column":96}},"type":"default-arg","locations":[{"start":{"line":244,"column":87},"end":{"line":244,"column":96}}]},"24":{"loc":{"start":{"line":247,"column":6},"end":{"line":249,"column":7}},"type":"if","locations":[{"start":{"line":247,"column":6},"end":{"line":249,"column":7}}]},"25":{"loc":{"start":{"line":247,"column":10},"end":{"line":247,"column":45}},"type":"binary-expr","locations":[{"start":{"line":247,"column":10},"end":{"line":247,"column":19}},{"start":{"line":247,"column":23},"end":{"line":247,"column":45}}]},"26":{"loc":{"start":{"line":254,"column":6},"end":{"line":256,"column":7}},"type":"if","locations":[{"start":{"line":254,"column":6},"end":{"line":256,"column":7}}]},"27":{"loc":{"start":{"line":254,"column":10},"end":{"line":254,"column":45}},"type":"binary-expr","locations":[{"start":{"line":254,"column":10},"end":{"line":254,"column":19}},{"start":{"line":254,"column":23},"end":{"line":254,"column":45}}]},"28":{"loc":{"start":{"line":265,"column":8},"end":{"line":267,"column":9}},"type":"if","locations":[{"start":{"line":265,"column":8},"end":{"line":267,"column":9}}]},"29":{"loc":{"start":{"line":265,"column":12},"end":{"line":265,"column":58}},"type":"binary-expr","locations":[{"start":{"line":265,"column":12},"end":{"line":265,"column":21}},{"start":{"line":265,"column":25},"end":{"line":265,"column":34}},{"start":{"line":265,"column":38},"end":{"line":265,"column":58}}]},"30":{"loc":{"start":{"line":283,"column":8},"end":{"line":285,"column":9}},"type":"if","locations":[{"start":{"line":283,"column":8},"end":{"line":285,"column":9}}]},"31":{"loc":{"start":{"line":303,"column":8},"end":{"line":306,"column":9}},"type":"if","locations":[{"start":{"line":303,"column":8},"end":{"line":306,"column":9}}]},"32":{"loc":{"start":{"line":308,"column":6},"end":{"line":308,"column":27}},"type":"if","locations":[{"start":{"line":308,"column":6},"end":{"line":308,"column":27}}]},"33":{"loc":{"start":{"line":312,"column":4},"end":{"line":314,"column":5}},"type":"if","locations":[{"start":{"line":312,"column":4},"end":{"line":314,"column":5}}]},"34":{"loc":{"start":{"line":320,"column":6},"end":{"line":331,"column":7}},"type":"if","locations":[{"start":{"line":320,"column":6},"end":{"line":331,"column":7}}]},"35":{"loc":{"start":{"line":325,"column":8},"end":{"line":327,"column":9}},"type":"if","locations":[{"start":{"line":325,"column":8},"end":{"line":327,"column":9}}]},"36":{"loc":{"start":{"line":344,"column":4},"end":{"line":355,"column":5}},"type":"switch","locations":[{"start":{"line":345,"column":6},"end":{"line":346,"column":18}},{"start":{"line":347,"column":6},"end":{"line":348,"column":18}},{"start":{"line":349,"column":6},"end":{"line":350,"column":18}},{"start":{"line":351,"column":6},"end":{"line":352,"column":18}},{"start":{"line":353,"column":6},"end":{"line":354,"column":18}}]}},"s":{"0":1,"1":10,"2":90,"3":10,"4":10,"5":3,"6":13,"7":117,"8":3,"9":1,"10":2,"11":18,"12":2,"13":3,"14":27,"15":3,"16":3,"17":27,"18":3,"19":3,"20":3,"21":4,"22":4,"23":0,"24":4,"25":36,"26":4,"27":4,"28":4,"29":36,"30":4,"31":0,"32":2,"33":1,"34":9,"35":1,"36":0,"37":0,"38":0,"39":0,"40":0,"41":0,"42":0,"43":0,"44":0,"45":0,"46":0,"47":4,"48":4,"49":0,"50":4,"51":0,"52":4,"53":0,"54":4,"55":1,"56":3,"57":3,"58":1,"59":1,"60":0,"61":1,"62":1,"63":0,"64":0,"65":0,"66":5,"67":1,"68":4,"69":4,"70":36,"71":0,"72":36,"73":36,"74":324,"75":324,"76":0,"77":324,"78":147,"79":177,"80":177,"81":177,"82":177,"83":177,"84":0,"85":4,"86":47418,"87":47418,"88":269855,"89":32801,"90":14617,"91":14617,"92":94412,"93":6863,"94":7754,"95":7754,"96":7754,"97":7754,"98":20514,"99":20514,"100":59433,"101":2193,"102":5561,"103":4,"104":4,"105":4,"106":36,"107":36,"108":324,"109":294,"110":4,"111":5385,"112":5385,"113":5385,"114":20775,"115":20775,"116":171310,"117":5381,"118":5381,"119":20775,"120":5381,"121":5385,"122":4,"123":5381,"124":5381,"125":5381,"126":47237,"127":5381,"128":5381,"129":294,"130":5087,"131":5087,"132":3,"133":1,"134":1,"135":1,"136":0,"137":0,"138":3,"139":3,"140":3,"141":27,"142":27,"143":243,"144":3,"145":3,"146":240,"147":240,"148":3,"149":3,"150":132,"151":132,"152":1},"f":{"0":10,"1":90,"2":13,"3":117,"4":3,"5":18,"6":3,"7":27,"8":27,"9":4,"10":36,"11":36,"12":2,"13":1,"14":9,"15":0,"16":4,"17":1,"18":0,"19":0,"20":5,"21":47418,"22":4,"23":5385,"24":3,"25":3},"b":{"0":[3],"1":[1],"2":[1],"3":[0],"4":[4],"5":[1,1],"6":[0],"7":[0],"8":[0],"9":[0],"10":[4,4,4,4],"11":[0],"12":[4,4],"13":[0],"14":[1],"15":[0],"16":[1,1,1,1],"17":[1],"18":[0],"19":[0],"20":[324,324,324],"21":[147],"22":[0],"23":[4],"24":[32801],"25":[269855,249276],"26":[6863],"27":[94412,84815],"28":[2193],"29":[59433,40215,27164],"30":[294],"31":[5381],"32":[5381],"33":[4],"34":[5381],"35":[294],"36":[1,1,1,0,0]}}
,"C:\\Users\\Mario\\Dev\\sudoku-gen\\src\\index.ts": {"path":"C:\\Users\\Mario\\Dev\\sudoku-gen\\src\\index.ts","statementMap":{"0":{"start":{"line":1,"column":0},"end":{"line":1,"column":9}},"1":{"start":{"line":1,"column":9},"end":{"line":1,"column":34}},"2":{"start":{"line":2,"column":0},"end":{"line":2,"column":24}}},"fnMap":{"0":{"name":"(anonymous_4)","decl":{"start":{"line":1,"column":9},"end":{"line":1,"column":15}},"loc":{"start":{"line":1,"column":9},"end":{"line":1,"column":34}}}},"branchMap":{},"s":{"0":1,"1":11,"2":1},"f":{"0":10},"b":{}}
,"C:\\Users\\Mario\\Dev\\sudoku-gen\\src\\types.ts": {"path":"C:\\Users\\Mario\\Dev\\sudoku-gen\\src\\types.ts","statementMap":{"0":{"start":{"line":4,"column":0},"end":{"line":4,"column":null}},"1":{"start":{"line":5,"column":2},"end":{"line":5,"column":null}},"2":{"start":{"line":6,"column":2},"end":{"line":6,"column":null}},"3":{"start":{"line":7,"column":2},"end":{"line":7,"column":null}},"4":{"start":{"line":8,"column":2},"end":{"line":8,"column":null}}},"fnMap":{"0":{"name":"(anonymous_0)","decl":{"start":{"line":4,"column":0},"end":{"line":4,"column":12}},"loc":{"start":{"line":4,"column":28},"end":{"line":9,"column":1}}}},"branchMap":{"0":{"loc":{"start":{"line":4,"column":12},"end":{"line":4,"column":null}},"type":"binary-expr","locations":[{"start":{"line":4,"column":12},"end":{"line":4,"column":28}},{"start":{"line":4,"column":28},"end":{"line":4,"column":null}}]}},"s":{"0":1,"1":1,"2":1,"3":1,"4":1},"f":{"0":1},"b":{"0":[1,1]}}
}
