{"/home/runner/work/sudoku-gen/sudoku-gen/src/Sudoku.ts": {"path":"/home/runner/work/sudoku-gen/sudoku-gen/src/Sudoku.ts","statementMap":{"0":{"start":{"line":1,"column":0},"end":{"line":1,"column":65}},"1":{"start":{"line":7,"column":10},"end":{"line":7,"column":74}},"2":{"start":{"line":7,"column":56},"end":{"line":7,"column":72}},"3":{"start":{"line":8,"column":10},"end":{"line":8,"column":45}},"4":{"start":{"line":15,"column":4},"end":{"line":17,"column":5}},"5":{"start":{"line":16,"column":6},"end":{"line":16,"column":25}},"6":{"start":{"line":25,"column":4},"end":{"line":25,"column":42}},"7":{"start":{"line":25,"column":32},"end":{"line":25,"column":40}},"8":{"start":{"line":34,"column":4},"end":{"line":36,"column":5}},"9":{"start":{"line":35,"column":6},"end":{"line":35,"column":45}},"10":{"start":{"line":39,"column":4},"end":{"line":39,"column":42}},"11":{"start":{"line":39,"column":32},"end":{"line":39,"column":40}},"12":{"start":{"line":40,"column":4},"end":{"line":40,"column":25}},"13":{"start":{"line":50,"column":4},"end":{"line":50,"column":61}},"14":{"start":{"line":50,"column":43},"end":{"line":50,"column":59}},"15":{"start":{"line":53,"column":4},"end":{"line":53,"column":38}},"16":{"start":{"line":56,"column":4},"end":{"line":56,"column":17}},"17":{"start":{"line":59,"column":4},"end":{"line":59,"column":51}},"18":{"start":{"line":59,"column":41},"end":{"line":59,"column":49}},"19":{"start":{"line":62,"column":26},"end":{"line":62,"column":71}},"20":{"start":{"line":63,"column":4},"end":{"line":63,"column":42}},"21":{"start":{"line":65,"column":4},"end":{"line":65,"column":26}},"22":{"start":{"line":74,"column":29},"end":{"line":74,"column":64}},"23":{"start":{"line":75,"column":20},"end":{"line":75,"column":47}},"24":{"start":{"line":78,"column":4},"end":{"line":81,"column":5}},"25":{"start":{"line":78,"column":17},"end":{"line":78,"column":35}},"26":{"start":{"line":79,"column":16},"end":{"line":79,"column":51}},"27":{"start":{"line":80,"column":6},"end":{"line":80,"column":58}},"28":{"start":{"line":84,"column":17},"end":{"line":84,"column":18}},"29":{"start":{"line":85,"column":19},"end":{"line":85,"column":20}},"30":{"start":{"line":86,"column":24},"end":{"line":86,"column":27}},"31":{"start":{"line":88,"column":4},"end":{"line":108,"column":5}},"32":{"start":{"line":89,"column":6},"end":{"line":89,"column":17}},"33":{"start":{"line":92,"column":18},"end":{"line":92,"column":47}},"34":{"start":{"line":93,"column":18},"end":{"line":93,"column":47}},"35":{"start":{"line":96,"column":6},"end":{"line":98,"column":7}},"36":{"start":{"line":97,"column":8},"end":{"line":97,"column":17}},"37":{"start":{"line":101,"column":6},"end":{"line":107,"column":7}},"38":{"start":{"line":102,"column":8},"end":{"line":106,"column":9}},"39":{"start":{"line":103,"column":10},"end":{"line":103,"column":36}},"40":{"start":{"line":104,"column":10},"end":{"line":104,"column":19}},"41":{"start":{"line":105,"column":10},"end":{"line":105,"column":16}},"42":{"start":{"line":116,"column":23},"end":{"line":116,"column":44}},"43":{"start":{"line":118,"column":4},"end":{"line":121,"column":5}},"44":{"start":{"line":120,"column":6},"end":{"line":120,"column":28}},"45":{"start":{"line":124,"column":24},"end":{"line":124,"column":54}},"46":{"start":{"line":124,"column":45},"end":{"line":124,"column":53}},"47":{"start":{"line":126,"column":4},"end":{"line":130,"column":5}},"48":{"start":{"line":127,"column":6},"end":{"line":127,"column":30}},"49":{"start":{"line":128,"column":6},"end":{"line":128,"column":55}},"50":{"start":{"line":128,"column":45},"end":{"line":128,"column":53}},"51":{"start":{"line":129,"column":6},"end":{"line":129,"column":28}},"52":{"start":{"line":132,"column":4},"end":{"line":132,"column":16}},"53":{"start":{"line":140,"column":4},"end":{"line":140,"column":39}},"54":{"start":{"line":149,"column":26},"end":{"line":149,"column":64}},"55":{"start":{"line":149,"column":48},"end":{"line":149,"column":63}},"56":{"start":{"line":150,"column":4},"end":{"line":150,"column":44}},"57":{"start":{"line":158,"column":4},"end":{"line":163,"column":5}},"58":{"start":{"line":159,"column":6},"end":{"line":159,"column":19}},"59":{"start":{"line":160,"column":6},"end":{"line":162,"column":7}},"60":{"start":{"line":161,"column":8},"end":{"line":161,"column":20}},"61":{"start":{"line":166,"column":4},"end":{"line":175,"column":5}},"62":{"start":{"line":166,"column":19},"end":{"line":166,"column":20}},"63":{"start":{"line":167,"column":6},"end":{"line":174,"column":7}},"64":{"start":{"line":167,"column":21},"end":{"line":167,"column":22}},"65":{"start":{"line":168,"column":8},"end":{"line":173,"column":9}},"66":{"start":{"line":169,"column":10},"end":{"line":172,"column":12}},"67":{"start":{"line":177,"column":4},"end":{"line":177,"column":16}},"68":{"start":{"line":187,"column":25},"end":{"line":187,"column":33}},"69":{"start":{"line":190,"column":4},"end":{"line":192,"column":5}},"70":{"start":{"line":191,"column":6},"end":{"line":191,"column":19}},"71":{"start":{"line":195,"column":4},"end":{"line":197,"column":5}},"72":{"start":{"line":196,"column":6},"end":{"line":196,"column":19}},"73":{"start":{"line":200,"column":4},"end":{"line":202,"column":5}},"74":{"start":{"line":201,"column":6},"end":{"line":201,"column":19}},"75":{"start":{"line":205,"column":4},"end":{"line":207,"column":5}},"76":{"start":{"line":206,"column":6},"end":{"line":206,"column":19}},"77":{"start":{"line":210,"column":4},"end":{"line":210,"column":32}},"78":{"start":{"line":211,"column":4},"end":{"line":211,"column":16}},"79":{"start":{"line":220,"column":25},"end":{"line":220,"column":33}},"80":{"start":{"line":223,"column":4},"end":{"line":225,"column":5}},"81":{"start":{"line":224,"column":6},"end":{"line":224,"column":19}},"82":{"start":{"line":227,"column":4},"end":{"line":227,"column":28}},"83":{"start":{"line":228,"column":4},"end":{"line":228,"column":16}},"84":{"start":{"line":235,"column":4},"end":{"line":235,"column":61}},"85":{"start":{"line":235,"column":43},"end":{"line":235,"column":59}},"86":{"start":{"line":236,"column":4},"end":{"line":236,"column":25}},"87":{"start":{"line":245,"column":24},"end":{"line":245,"column":41}},"88":{"start":{"line":246,"column":17},"end":{"line":246,"column":19}},"89":{"start":{"line":249,"column":4},"end":{"line":249,"column":44}},"90":{"start":{"line":251,"column":4},"end":{"line":271,"column":5}},"91":{"start":{"line":251,"column":19},"end":{"line":251,"column":20}},"92":{"start":{"line":252,"column":6},"end":{"line":252,"column":21}},"93":{"start":{"line":254,"column":6},"end":{"line":263,"column":7}},"94":{"start":{"line":254,"column":21},"end":{"line":254,"column":22}},"95":{"start":{"line":256,"column":26},"end":{"line":256,"column":83}},"96":{"start":{"line":257,"column":8},"end":{"line":257,"column":34}},"97":{"start":{"line":260,"column":8},"end":{"line":262,"column":9}},"98":{"start":{"line":261,"column":10},"end":{"line":261,"column":25}},"99":{"start":{"line":265,"column":6},"end":{"line":265,"column":21}},"100":{"start":{"line":268,"column":6},"end":{"line":270,"column":7}},"101":{"start":{"line":269,"column":8},"end":{"line":269,"column":48}},"102":{"start":{"line":274,"column":4},"end":{"line":274,"column":44}},"103":{"start":{"line":276,"column":4},"end":{"line":276,"column":18}},"104":{"start":{"line":288,"column":4},"end":{"line":290,"column":5}},"105":{"start":{"line":289,"column":6},"end":{"line":289,"column":19}},"106":{"start":{"line":292,"column":4},"end":{"line":319,"column":5}},"107":{"start":{"line":292,"column":19},"end":{"line":292,"column":20}},"108":{"start":{"line":293,"column":6},"end":{"line":295,"column":7}},"109":{"start":{"line":294,"column":8},"end":{"line":294,"column":21}},"110":{"start":{"line":298,"column":6},"end":{"line":318,"column":7}},"111":{"start":{"line":298,"column":21},"end":{"line":298,"column":22}},"112":{"start":{"line":299,"column":22},"end":{"line":299,"column":36}},"113":{"start":{"line":300,"column":8},"end":{"line":302,"column":9}},"114":{"start":{"line":301,"column":10},"end":{"line":301,"column":23}},"115":{"start":{"line":305,"column":8},"end":{"line":307,"column":9}},"116":{"start":{"line":306,"column":10},"end":{"line":306,"column":19}},"117":{"start":{"line":310,"column":21},"end":{"line":310,"column":35}},"118":{"start":{"line":311,"column":8},"end":{"line":311,"column":27}},"119":{"start":{"line":312,"column":24},"end":{"line":312,"column":67}},"120":{"start":{"line":313,"column":8},"end":{"line":313,"column":30}},"121":{"start":{"line":315,"column":8},"end":{"line":317,"column":9}},"122":{"start":{"line":316,"column":10},"end":{"line":316,"column":23}},"123":{"start":{"line":321,"column":4},"end":{"line":321,"column":16}},"124":{"start":{"line":334,"column":4},"end":{"line":338,"column":5}},"125":{"start":{"line":334,"column":17},"end":{"line":334,"column":18}},"126":{"start":{"line":335,"column":6},"end":{"line":337,"column":7}},"127":{"start":{"line":336,"column":8},"end":{"line":336,"column":21}},"128":{"start":{"line":341,"column":4},"end":{"line":345,"column":5}},"129":{"start":{"line":341,"column":17},"end":{"line":341,"column":18}},"130":{"start":{"line":342,"column":6},"end":{"line":344,"column":7}},"131":{"start":{"line":343,"column":8},"end":{"line":343,"column":21}},"132":{"start":{"line":348,"column":24},"end":{"line":348,"column":47}},"133":{"start":{"line":349,"column":24},"end":{"line":349,"column":47}},"134":{"start":{"line":351,"column":4},"end":{"line":357,"column":5}},"135":{"start":{"line":351,"column":17},"end":{"line":351,"column":28}},"136":{"start":{"line":352,"column":6},"end":{"line":356,"column":7}},"137":{"start":{"line":352,"column":19},"end":{"line":352,"column":30}},"138":{"start":{"line":353,"column":8},"end":{"line":355,"column":9}},"139":{"start":{"line":354,"column":10},"end":{"line":354,"column":23}},"140":{"start":{"line":359,"column":4},"end":{"line":359,"column":16}},"141":{"start":{"line":367,"column":35},"end":{"line":367,"column":37}},"142":{"start":{"line":369,"column":4},"end":{"line":375,"column":5}},"143":{"start":{"line":369,"column":19},"end":{"line":369,"column":20}},"144":{"start":{"line":370,"column":6},"end":{"line":374,"column":7}},"145":{"start":{"line":370,"column":21},"end":{"line":370,"column":22}},"146":{"start":{"line":371,"column":8},"end":{"line":373,"column":9}},"147":{"start":{"line":372,"column":10},"end":{"line":372,"column":40}},"148":{"start":{"line":377,"column":4},"end":{"line":377,"column":22}},"149":{"start":{"line":387,"column":37},"end":{"line":387,"column":41}},"150":{"start":{"line":389,"column":4},"end":{"line":397,"column":5}},"151":{"start":{"line":389,"column":19},"end":{"line":389,"column":20}},"152":{"start":{"line":390,"column":6},"end":{"line":395,"column":7}},"153":{"start":{"line":390,"column":21},"end":{"line":390,"column":22}},"154":{"start":{"line":391,"column":8},"end":{"line":394,"column":9}},"155":{"start":{"line":392,"column":10},"end":{"line":392,"column":35}},"156":{"start":{"line":393,"column":10},"end":{"line":393,"column":16}},"157":{"start":{"line":396,"column":6},"end":{"line":396,"column":27}},"158":{"start":{"line":396,"column":21},"end":{"line":396,"column":27}},"159":{"start":{"line":400,"column":4},"end":{"line":402,"column":5}},"160":{"start":{"line":401,"column":6},"end":{"line":401,"column":18}},"161":{"start":{"line":404,"column":25},"end":{"line":404,"column":34}},"162":{"start":{"line":407,"column":20},"end":{"line":407,"column":47}},"163":{"start":{"line":408,"column":4},"end":{"line":408,"column":31}},"164":{"start":{"line":411,"column":4},"end":{"line":424,"column":5}},"165":{"start":{"line":412,"column":6},"end":{"line":423,"column":7}},"166":{"start":{"line":414,"column":8},"end":{"line":414,"column":29}},"167":{"start":{"line":417,"column":8},"end":{"line":419,"column":9}},"168":{"start":{"line":418,"column":10},"end":{"line":418,"column":22}},"169":{"start":{"line":422,"column":8},"end":{"line":422,"column":27}},"170":{"start":{"line":427,"column":4},"end":{"line":427,"column":17}},"171":{"start":{"line":435,"column":4},"end":{"line":438,"column":5}},"172":{"start":{"line":435,"column":17},"end":{"line":435,"column":33}},"173":{"start":{"line":436,"column":16},"end":{"line":436,"column":51}},"174":{"start":{"line":437,"column":6},"end":{"line":437,"column":50}},"175":{"start":{"line":447,"column":4},"end":{"line":458,"column":5}},"176":{"start":{"line":449,"column":8},"end":{"line":449,"column":18}},"177":{"start":{"line":451,"column":8},"end":{"line":451,"column":18}},"178":{"start":{"line":453,"column":8},"end":{"line":453,"column":18}},"179":{"start":{"line":455,"column":8},"end":{"line":455,"column":18}},"180":{"start":{"line":457,"column":8},"end":{"line":457,"column":18}},"181":{"start":{"line":466,"column":34},"end":{"line":466,"column":36}},"182":{"start":{"line":469,"column":4},"end":{"line":473,"column":5}},"183":{"start":{"line":469,"column":19},"end":{"line":469,"column":20}},"184":{"start":{"line":470,"column":6},"end":{"line":472,"column":7}},"185":{"start":{"line":470,"column":21},"end":{"line":470,"column":22}},"186":{"start":{"line":471,"column":8},"end":{"line":471,"column":37}},"187":{"start":{"line":476,"column":4},"end":{"line":479,"column":5}},"188":{"start":{"line":476,"column":17},"end":{"line":476,"column":37}},"189":{"start":{"line":477,"column":16},"end":{"line":477,"column":51}},"190":{"start":{"line":478,"column":6},"end":{"line":478,"column":66}},"191":{"start":{"line":482,"column":4},"end":{"line":485,"column":5}},"192":{"start":{"line":482,"column":17},"end":{"line":482,"column":18}},"193":{"start":{"line":483,"column":27},"end":{"line":483,"column":39}},"194":{"start":{"line":484,"column":6},"end":{"line":484,"column":30}},"195":{"start":{"line":6,"column":0},"end":{"line":6,"column":13}}},"fnMap":{"0":{"name":"(anonymous_0)","decl":{"start":{"line":14,"column":2},"end":{"line":14,"column":14}},"loc":{"start":{"line":14,"column":31},"end":{"line":18,"column":3}}},"1":{"name":"(anonymous_1)","decl":{"start":{"line":7,"column":50},"end":{"line":7,"column":53}},"loc":{"start":{"line":7,"column":56},"end":{"line":7,"column":72}}},"2":{"name":"(anonymous_2)","decl":{"start":{"line":24,"column":9},"end":{"line":24,"column":16}},"loc":{"start":{"line":24,"column":16},"end":{"line":26,"column":3}}},"3":{"name":"(anonymous_3)","decl":{"start":{"line":25,"column":25},"end":{"line":25,"column":28}},"loc":{"start":{"line":25,"column":32},"end":{"line":25,"column":40}}},"4":{"name":"(anonymous_4)","decl":{"start":{"line":33,"column":9},"end":{"line":33,"column":16}},"loc":{"start":{"line":33,"column":33},"end":{"line":41,"column":3}}},"5":{"name":"(anonymous_5)","decl":{"start":{"line":39,"column":25},"end":{"line":39,"column":28}},"loc":{"start":{"line":39,"column":32},"end":{"line":39,"column":40}}},"6":{"name":"(anonymous_6)","decl":{"start":{"line":48,"column":9},"end":{"line":48,"column":17}},"loc":{"start":{"line":48,"column":72},"end":{"line":66,"column":3}}},"7":{"name":"(anonymous_7)","decl":{"start":{"line":50,"column":37},"end":{"line":50,"column":40}},"loc":{"start":{"line":50,"column":43},"end":{"line":50,"column":59}}},"8":{"name":"(anonymous_8)","decl":{"start":{"line":59,"column":34},"end":{"line":59,"column":37}},"loc":{"start":{"line":59,"column":41},"end":{"line":59,"column":49}}},"9":{"name":"(anonymous_9)","decl":{"start":{"line":72,"column":10},"end":{"line":72,"column":36}},"loc":{"start":{"line":72,"column":36},"end":{"line":109,"column":3}}},"10":{"name":"(anonymous_10)","decl":{"start":{"line":115,"column":9},"end":{"line":115,"column":14}},"loc":{"start":{"line":115,"column":14},"end":{"line":133,"column":3}}},"11":{"name":"(anonymous_11)","decl":{"start":{"line":124,"column":38},"end":{"line":124,"column":41}},"loc":{"start":{"line":124,"column":45},"end":{"line":124,"column":53}}},"12":{"name":"(anonymous_12)","decl":{"start":{"line":128,"column":38},"end":{"line":128,"column":41}},"loc":{"start":{"line":128,"column":45},"end":{"line":128,"column":53}}},"13":{"name":"(anonymous_13)","decl":{"start":{"line":139,"column":9},"end":{"line":139,"column":16}},"loc":{"start":{"line":139,"column":16},"end":{"line":141,"column":3}}},"14":{"name":"(anonymous_14)","decl":{"start":{"line":147,"column":9},"end":{"line":147,"column":17}},"loc":{"start":{"line":147,"column":17},"end":{"line":151,"column":3}}},"15":{"name":"(anonymous_15)","decl":{"start":{"line":149,"column":41},"end":{"line":149,"column":44}},"loc":{"start":{"line":149,"column":48},"end":{"line":149,"column":63}}},"16":{"name":"(anonymous_16)","decl":{"start":{"line":157,"column":9},"end":{"line":157,"column":16}},"loc":{"start":{"line":157,"column":16},"end":{"line":178,"column":3}}},"17":{"name":"(anonymous_17)","decl":{"start":{"line":186,"column":9},"end":{"line":186,"column":20}},"loc":{"start":{"line":186,"column":54},"end":{"line":212,"column":3}}},"18":{"name":"(anonymous_18)","decl":{"start":{"line":219,"column":9},"end":{"line":219,"column":18}},"loc":{"start":{"line":219,"column":37},"end":{"line":229,"column":3}}},"19":{"name":"(anonymous_19)","decl":{"start":{"line":234,"column":9},"end":{"line":234,"column":14}},"loc":{"start":{"line":234,"column":14},"end":{"line":237,"column":3}}},"20":{"name":"(anonymous_20)","decl":{"start":{"line":235,"column":37},"end":{"line":235,"column":40}},"loc":{"start":{"line":235,"column":43},"end":{"line":235,"column":59}}},"21":{"name":"(anonymous_21)","decl":{"start":{"line":244,"column":9},"end":{"line":244,"column":20}},"loc":{"start":{"line":244,"column":38},"end":{"line":277,"column":3}}},"22":{"name":"(anonymous_22)","decl":{"start":{"line":286,"column":10},"end":{"line":286,"column":21}},"loc":{"start":{"line":286,"column":38},"end":{"line":322,"column":3}}},"23":{"name":"(anonymous_23)","decl":{"start":{"line":332,"column":10},"end":{"line":332,"column":26}},"loc":{"start":{"line":332,"column":96},"end":{"line":360,"column":3}}},"24":{"name":"(anonymous_24)","decl":{"start":{"line":366,"column":10},"end":{"line":366,"column":24}},"loc":{"start":{"line":366,"column":24},"end":{"line":378,"column":3}}},"25":{"name":"(anonymous_25)","decl":{"start":{"line":385,"column":10},"end":{"line":385,"column":24}},"loc":{"start":{"line":385,"column":41},"end":{"line":428,"column":3}}},"26":{"name":"(anonymous_26)","decl":{"start":{"line":434,"column":10},"end":{"line":434,"column":22}},"loc":{"start":{"line":434,"column":36},"end":{"line":439,"column":3}}},"27":{"name":"(anonymous_27)","decl":{"start":{"line":446,"column":10},"end":{"line":446,"column":38}},"loc":{"start":{"line":446,"column":67},"end":{"line":459,"column":3}}},"28":{"name":"(anonymous_28)","decl":{"start":{"line":465,"column":10},"end":{"line":465,"column":27}},"loc":{"start":{"line":465,"column":41},"end":{"line":486,"column":3}}}},"branchMap":{"0":{"loc":{"start":{"line":15,"column":4},"end":{"line":17,"column":5}},"type":"if","locations":[{"start":{"line":15,"column":4},"end":{"line":17,"column":5}}]},"1":{"loc":{"start":{"line":34,"column":4},"end":{"line":36,"column":5}},"type":"if","locations":[{"start":{"line":34,"column":4},"end":{"line":36,"column":5}}]},"2":{"loc":{"start":{"line":48,"column":18},"end":{"line":48,"column":72}},"type":"default-arg","locations":[{"start":{"line":48,"column":49},"end":{"line":48,"column":72}}]},"3":{"loc":{"start":{"line":88,"column":11},"end":{"line":88,"column":62}},"type":"binary-expr","locations":[{"start":{"line":88,"column":11},"end":{"line":88,"column":36}},{"start":{"line":88,"column":40},"end":{"line":88,"column":62}}]},"4":{"loc":{"start":{"line":96,"column":6},"end":{"line":98,"column":7}},"type":"if","locations":[{"start":{"line":96,"column":6},"end":{"line":98,"column":7}}]},"5":{"loc":{"start":{"line":102,"column":8},"end":{"line":106,"column":9}},"type":"if","locations":[{"start":{"line":102,"column":8},"end":{"line":106,"column":9}}]},"6":{"loc":{"start":{"line":118,"column":4},"end":{"line":121,"column":5}},"type":"if","locations":[{"start":{"line":118,"column":4},"end":{"line":121,"column":5}}]},"7":{"loc":{"start":{"line":126,"column":4},"end":{"line":130,"column":5}},"type":"if","locations":[{"start":{"line":126,"column":4},"end":{"line":130,"column":5}}]},"8":{"loc":{"start":{"line":150,"column":11},"end":{"line":150,"column":43}},"type":"binary-expr","locations":[{"start":{"line":150,"column":11},"end":{"line":150,"column":25}},{"start":{"line":150,"column":29},"end":{"line":150,"column":43}}]},"9":{"loc":{"start":{"line":158,"column":4},"end":{"line":163,"column":5}},"type":"if","locations":[{"start":{"line":158,"column":4},"end":{"line":163,"column":5}}]},"10":{"loc":{"start":{"line":160,"column":6},"end":{"line":162,"column":7}},"type":"if","locations":[{"start":{"line":160,"column":6},"end":{"line":162,"column":7}}]},"11":{"loc":{"start":{"line":168,"column":8},"end":{"line":173,"column":9}},"type":"if","locations":[{"start":{"line":168,"column":8},"end":{"line":173,"column":9}}]},"12":{"loc":{"start":{"line":190,"column":4},"end":{"line":192,"column":5}},"type":"if","locations":[{"start":{"line":190,"column":4},"end":{"line":192,"column":5}}]},"13":{"loc":{"start":{"line":190,"column":8},"end":{"line":190,"column":50}},"type":"binary-expr","locations":[{"start":{"line":190,"column":8},"end":{"line":190,"column":15}},{"start":{"line":190,"column":19},"end":{"line":190,"column":27}},{"start":{"line":190,"column":31},"end":{"line":190,"column":38}},{"start":{"line":190,"column":42},"end":{"line":190,"column":50}}]},"14":{"loc":{"start":{"line":195,"column":4},"end":{"line":197,"column":5}},"type":"if","locations":[{"start":{"line":195,"column":4},"end":{"line":197,"column":5}}]},"15":{"loc":{"start":{"line":195,"column":8},"end":{"line":195,"column":30}},"type":"binary-expr","locations":[{"start":{"line":195,"column":8},"end":{"line":195,"column":17}},{"start":{"line":195,"column":21},"end":{"line":195,"column":30}}]},"16":{"loc":{"start":{"line":200,"column":4},"end":{"line":202,"column":5}},"type":"if","locations":[{"start":{"line":200,"column":4},"end":{"line":202,"column":5}}]},"17":{"loc":{"start":{"line":205,"column":4},"end":{"line":207,"column":5}},"type":"if","locations":[{"start":{"line":205,"column":4},"end":{"line":207,"column":5}}]},"18":{"loc":{"start":{"line":223,"column":4},"end":{"line":225,"column":5}},"type":"if","locations":[{"start":{"line":223,"column":4},"end":{"line":225,"column":5}}]},"19":{"loc":{"start":{"line":223,"column":8},"end":{"line":223,"column":50}},"type":"binary-expr","locations":[{"start":{"line":223,"column":8},"end":{"line":223,"column":15}},{"start":{"line":223,"column":19},"end":{"line":223,"column":27}},{"start":{"line":223,"column":31},"end":{"line":223,"column":38}},{"start":{"line":223,"column":42},"end":{"line":223,"column":50}}]},"20":{"loc":{"start":{"line":245,"column":24},"end":{"line":245,"column":41}},"type":"binary-expr","locations":[{"start":{"line":245,"column":24},"end":{"line":245,"column":28}},{"start":{"line":245,"column":32},"end":{"line":245,"column":41}}]},"21":{"loc":{"start":{"line":256,"column":26},"end":{"line":256,"column":83}},"type":"cond-expr","locations":[{"start":{"line":256,"column":56},"end":{"line":256,"column":59}},{"start":{"line":256,"column":62},"end":{"line":256,"column":83}}]},"22":{"loc":{"start":{"line":260,"column":8},"end":{"line":262,"column":9}},"type":"if","locations":[{"start":{"line":260,"column":8},"end":{"line":262,"column":9}}]},"23":{"loc":{"start":{"line":268,"column":6},"end":{"line":270,"column":7}},"type":"if","locations":[{"start":{"line":268,"column":6},"end":{"line":270,"column":7}}]},"24":{"loc":{"start":{"line":268,"column":10},"end":{"line":268,"column":40}},"type":"binary-expr","locations":[{"start":{"line":268,"column":10},"end":{"line":268,"column":29}},{"start":{"line":268,"column":33},"end":{"line":268,"column":40}}]},"25":{"loc":{"start":{"line":288,"column":4},"end":{"line":290,"column":5}},"type":"if","locations":[{"start":{"line":288,"column":4},"end":{"line":290,"column":5}}]},"26":{"loc":{"start":{"line":293,"column":6},"end":{"line":295,"column":7}},"type":"if","locations":[{"start":{"line":293,"column":6},"end":{"line":295,"column":7}}]},"27":{"loc":{"start":{"line":300,"column":8},"end":{"line":302,"column":9}},"type":"if","locations":[{"start":{"line":300,"column":8},"end":{"line":302,"column":9}}]},"28":{"loc":{"start":{"line":300,"column":12},"end":{"line":300,"column":62}},"type":"binary-expr","locations":[{"start":{"line":300,"column":12},"end":{"line":300,"column":21}},{"start":{"line":300,"column":25},"end":{"line":300,"column":34}},{"start":{"line":300,"column":38},"end":{"line":300,"column":62}}]},"29":{"loc":{"start":{"line":305,"column":8},"end":{"line":307,"column":9}},"type":"if","locations":[{"start":{"line":305,"column":8},"end":{"line":307,"column":9}}]},"30":{"loc":{"start":{"line":315,"column":8},"end":{"line":317,"column":9}},"type":"if","locations":[{"start":{"line":315,"column":8},"end":{"line":317,"column":9}}]},"31":{"loc":{"start":{"line":332,"column":68},"end":{"line":332,"column":96}},"type":"default-arg","locations":[{"start":{"line":332,"column":87},"end":{"line":332,"column":96}}]},"32":{"loc":{"start":{"line":335,"column":6},"end":{"line":337,"column":7}},"type":"if","locations":[{"start":{"line":335,"column":6},"end":{"line":337,"column":7}}]},"33":{"loc":{"start":{"line":335,"column":10},"end":{"line":335,"column":45}},"type":"binary-expr","locations":[{"start":{"line":335,"column":10},"end":{"line":335,"column":19}},{"start":{"line":335,"column":23},"end":{"line":335,"column":45}}]},"34":{"loc":{"start":{"line":342,"column":6},"end":{"line":344,"column":7}},"type":"if","locations":[{"start":{"line":342,"column":6},"end":{"line":344,"column":7}}]},"35":{"loc":{"start":{"line":342,"column":10},"end":{"line":342,"column":45}},"type":"binary-expr","locations":[{"start":{"line":342,"column":10},"end":{"line":342,"column":19}},{"start":{"line":342,"column":23},"end":{"line":342,"column":45}}]},"36":{"loc":{"start":{"line":353,"column":8},"end":{"line":355,"column":9}},"type":"if","locations":[{"start":{"line":353,"column":8},"end":{"line":355,"column":9}}]},"37":{"loc":{"start":{"line":353,"column":12},"end":{"line":353,"column":58}},"type":"binary-expr","locations":[{"start":{"line":353,"column":12},"end":{"line":353,"column":21}},{"start":{"line":353,"column":25},"end":{"line":353,"column":34}},{"start":{"line":353,"column":38},"end":{"line":353,"column":58}}]},"38":{"loc":{"start":{"line":371,"column":8},"end":{"line":373,"column":9}},"type":"if","locations":[{"start":{"line":371,"column":8},"end":{"line":373,"column":9}}]},"39":{"loc":{"start":{"line":391,"column":8},"end":{"line":394,"column":9}},"type":"if","locations":[{"start":{"line":391,"column":8},"end":{"line":394,"column":9}}]},"40":{"loc":{"start":{"line":396,"column":6},"end":{"line":396,"column":27}},"type":"if","locations":[{"start":{"line":396,"column":6},"end":{"line":396,"column":27}}]},"41":{"loc":{"start":{"line":400,"column":4},"end":{"line":402,"column":5}},"type":"if","locations":[{"start":{"line":400,"column":4},"end":{"line":402,"column":5}}]},"42":{"loc":{"start":{"line":412,"column":6},"end":{"line":423,"column":7}},"type":"if","locations":[{"start":{"line":412,"column":6},"end":{"line":423,"column":7}}]},"43":{"loc":{"start":{"line":417,"column":8},"end":{"line":419,"column":9}},"type":"if","locations":[{"start":{"line":417,"column":8},"end":{"line":419,"column":9}}]},"44":{"loc":{"start":{"line":447,"column":4},"end":{"line":458,"column":5}},"type":"switch","locations":[{"start":{"line":448,"column":6},"end":{"line":449,"column":18}},{"start":{"line":450,"column":6},"end":{"line":451,"column":18}},{"start":{"line":452,"column":6},"end":{"line":453,"column":18}},{"start":{"line":454,"column":6},"end":{"line":455,"column":18}},{"start":{"line":456,"column":6},"end":{"line":457,"column":18}}]}},"s":{"0":1,"1":10,"2":90,"3":10,"4":10,"5":3,"6":13,"7":117,"8":3,"9":1,"10":2,"11":18,"12":2,"13":3,"14":27,"15":3,"16":3,"17":3,"18":27,"19":3,"20":3,"21":3,"22":3,"23":3,"24":3,"25":3,"26":24,"27":24,"28":3,"29":3,"30":3,"31":3,"32":49,"33":49,"34":49,"35":49,"36":7,"37":42,"38":88,"39":42,"40":42,"41":42,"42":4,"43":4,"44":0,"45":4,"46":36,"47":4,"48":4,"49":4,"50":36,"51":4,"52":0,"53":2,"54":1,"55":9,"56":1,"57":0,"58":0,"59":0,"60":0,"61":0,"62":0,"63":0,"64":0,"65":0,"66":0,"67":0,"68":4,"69":4,"70":0,"71":4,"72":0,"73":4,"74":0,"75":4,"76":1,"77":3,"78":3,"79":1,"80":1,"81":0,"82":1,"83":1,"84":0,"85":0,"86":0,"87":0,"88":0,"89":0,"90":0,"91":0,"92":0,"93":0,"94":0,"95":0,"96":0,"97":0,"98":0,"99":0,"100":0,"101":0,"102":0,"103":0,"104":5,"105":1,"106":4,"107":4,"108":36,"109":0,"110":36,"111":36,"112":324,"113":324,"114":0,"115":324,"116":147,"117":177,"118":177,"119":177,"120":177,"121":177,"122":0,"123":4,"124":28215,"125":28215,"126":162659,"127":19276,"128":8939,"129":8939,"130":57344,"131":4372,"132":4567,"133":4567,"134":4567,"135":4567,"136":12559,"137":12559,"138":36540,"139":1114,"140":3453,"141":4,"142":4,"143":4,"144":36,"145":36,"146":324,"147":252,"148":4,"149":3235,"150":3235,"151":3235,"152":13191,"153":13191,"154":108664,"155":3231,"156":3231,"157":13191,"158":3231,"159":3235,"160":4,"161":3231,"162":3231,"163":3231,"164":3231,"165":27946,"166":3231,"167":3231,"168":252,"169":2979,"170":2979,"171":3231,"172":3231,"173":25848,"174":25848,"175":3,"176":1,"177":1,"178":1,"179":0,"180":0,"181":3,"182":3,"183":3,"184":27,"185":27,"186":243,"187":3,"188":3,"189":240,"190":240,"191":3,"192":3,"193":132,"194":132,"195":1},"f":{"0":10,"1":90,"2":13,"3":117,"4":3,"5":18,"6":3,"7":27,"8":27,"9":3,"10":4,"11":36,"12":36,"13":2,"14":1,"15":9,"16":0,"17":4,"18":1,"19":0,"20":0,"21":0,"22":5,"23":28215,"24":4,"25":3235,"26":3231,"27":3,"28":3},"b":{"0":[3],"1":[1],"2":[1],"3":[52,49],"4":[7],"5":[42],"6":[0],"7":[4],"8":[1,1],"9":[0],"10":[0],"11":[0],"12":[0],"13":[4,4,4,4],"14":[0],"15":[4,4],"16":[0],"17":[1],"18":[0],"19":[1,1,1,1],"20":[0,0],"21":[0,0],"22":[0],"23":[0],"24":[0,0],"25":[1],"26":[0],"27":[0],"28":[324,324,324],"29":[147],"30":[0],"31":[92],"32":[19276],"33":[162659,149709],"34":[4372],"35":[57344,51496],"36":[1114],"37":[36540,24489,16578],"38":[252],"39":[3231],"40":[3231],"41":[4],"42":[3231],"43":[252],"44":[1,1,1,0,0]}}
,"/home/runner/work/sudoku-gen/sudoku-gen/src/index.ts": {"path":"/home/runner/work/sudoku-gen/sudoku-gen/src/index.ts","statementMap":{"0":{"start":{"line":1,"column":0},"end":{"line":1,"column":9}},"1":{"start":{"line":1,"column":9},"end":{"line":1,"column":34}},"2":{"start":{"line":2,"column":0},"end":{"line":2,"column":24}}},"fnMap":{"0":{"name":"(anonymous_4)","decl":{"start":{"line":1,"column":9},"end":{"line":1,"column":15}},"loc":{"start":{"line":1,"column":9},"end":{"line":1,"column":34}}}},"branchMap":{},"s":{"0":1,"1":11,"2":1},"f":{"0":10},"b":{}}
,"/home/runner/work/sudoku-gen/sudoku-gen/src/types.ts": {"path":"/home/runner/work/sudoku-gen/sudoku-gen/src/types.ts","statementMap":{"0":{"start":{"line":4,"column":0},"end":{"line":4,"column":null}},"1":{"start":{"line":5,"column":2},"end":{"line":5,"column":null}},"2":{"start":{"line":6,"column":2},"end":{"line":6,"column":null}},"3":{"start":{"line":7,"column":2},"end":{"line":7,"column":null}},"4":{"start":{"line":8,"column":2},"end":{"line":8,"column":null}}},"fnMap":{"0":{"name":"(anonymous_0)","decl":{"start":{"line":4,"column":0},"end":{"line":4,"column":12}},"loc":{"start":{"line":4,"column":28},"end":{"line":9,"column":1}}}},"branchMap":{"0":{"loc":{"start":{"line":4,"column":12},"end":{"line":4,"column":null}},"type":"binary-expr","locations":[{"start":{"line":4,"column":12},"end":{"line":4,"column":28}},{"start":{"line":4,"column":28},"end":{"line":4,"column":null}}]}},"s":{"0":1,"1":1,"2":1,"3":1,"4":1},"f":{"0":1},"b":{"0":[1,1]}}
}
