TN:
SF:src\Sudoku.ts
FN:14,(anonymous_0)
FN:7,(anonymous_1)
FN:24,(anonymous_2)
FN:25,(anonymous_3)
FN:33,(anonymous_4)
FN:39,(anonymous_5)
FN:48,(anonymous_6)
FN:50,(anonymous_7)
FN:54,(anonymous_8)
FN:67,(anonymous_9)
FN:76,(anonymous_10)
FN:80,(anonymous_11)
FN:91,(anonymous_12)
FN:99,(anonymous_13)
FN:101,(anonymous_14)
FN:109,(anonymous_15)
FN:138,(anonymous_16)
FN:171,(anonymous_17)
FN:186,(anonymous_18)
FN:187,(anonymous_19)
FN:198,(anonymous_20)
FN:244,(anonymous_21)
FN:278,(anonymous_22)
FN:297,(anonymous_23)
FN:343,(anonymous_24)
FN:362,(anonymous_25)
FNF:26
FNH:23
FNDA:10,(anonymous_0)
FNDA:90,(anonymous_1)
FNDA:13,(anonymous_2)
FNDA:117,(anonymous_3)
FNDA:3,(anonymous_4)
FNDA:18,(anonymous_5)
FNDA:3,(anonymous_6)
FNDA:27,(anonymous_7)
FNDA:27,(anonymous_8)
FNDA:4,(anonymous_9)
FNDA:36,(anonymous_10)
FNDA:36,(anonymous_11)
FNDA:2,(anonymous_12)
FNDA:1,(anonymous_13)
FNDA:9,(anonymous_14)
FNDA:0,(anonymous_15)
FNDA:4,(anonymous_16)
FNDA:1,(anonymous_17)
FNDA:0,(anonymous_18)
FNDA:0,(anonymous_19)
FNDA:5,(anonymous_20)
FNDA:47418,(anonymous_21)
FNDA:4,(anonymous_22)
FNDA:5385,(anonymous_23)
FNDA:3,(anonymous_24)
FNDA:3,(anonymous_25)
DA:1,1
DA:6,1
DA:7,90
DA:8,10
DA:15,10
DA:16,3
DA:25,117
DA:34,3
DA:35,1
DA:39,18
DA:40,2
DA:50,27
DA:51,3
DA:54,27
DA:57,3
DA:58,3
DA:60,3
DA:68,4
DA:70,4
DA:72,0
DA:76,36
DA:78,4
DA:79,4
DA:80,36
DA:81,4
DA:84,0
DA:92,2
DA:101,9
DA:102,1
DA:110,0
DA:111,0
DA:112,0
DA:113,0
DA:118,0
DA:119,0
DA:120,0
DA:121,0
DA:129,0
DA:139,4
DA:142,4
DA:143,0
DA:147,4
DA:148,0
DA:152,4
DA:153,0
DA:157,4
DA:158,1
DA:162,3
DA:163,3
DA:172,1
DA:175,1
DA:176,0
DA:179,1
DA:180,1
DA:187,0
DA:188,0
DA:200,5
DA:201,1
DA:204,4
DA:205,36
DA:206,0
DA:210,36
DA:211,324
DA:212,324
DA:213,0
DA:217,324
DA:218,147
DA:222,177
DA:223,177
DA:224,177
DA:225,177
DA:227,177
DA:228,0
DA:233,4
DA:246,47418
DA:247,269855
DA:248,32801
DA:253,14617
DA:254,94412
DA:255,6863
DA:260,7754
DA:261,7754
DA:263,7754
DA:264,20514
DA:265,59433
DA:266,2193
DA:271,5561
DA:279,4
DA:281,4
DA:282,36
DA:283,324
DA:284,294
DA:289,4
DA:299,5385
DA:301,5385
DA:302,20775
DA:303,171310
DA:304,5381
DA:305,5381
DA:308,20775
DA:312,5385
DA:313,4
DA:316,5381
DA:319,5381
DA:320,47237
DA:322,5381
DA:325,5381
DA:326,294
DA:330,5087
DA:335,5087
DA:344,3
DA:346,1
DA:348,1
DA:350,1
DA:352,0
DA:354,0
DA:363,3
DA:366,3
DA:367,27
DA:368,243
DA:373,3
DA:374,240
DA:375,240
DA:379,3
DA:380,132
DA:381,132
LF:126
LH:104
BRDA:15,0,0,3
BRDA:34,1,0,1
BRDA:48,2,0,1
BRDA:70,3,0,0
BRDA:78,4,0,4
BRDA:102,5,0,1
BRDA:102,5,1,1
BRDA:110,6,0,0
BRDA:112,7,0,0
BRDA:120,8,0,0
BRDA:142,9,0,0
BRDA:142,10,0,4
BRDA:142,10,1,4
BRDA:142,10,2,4
BRDA:142,10,3,4
BRDA:147,11,0,0
BRDA:147,12,0,4
BRDA:147,12,1,4
BRDA:152,13,0,0
BRDA:157,14,0,1
BRDA:175,15,0,0
BRDA:175,16,0,1
BRDA:175,16,1,1
BRDA:175,16,2,1
BRDA:175,16,3,1
BRDA:200,17,0,1
BRDA:205,18,0,0
BRDA:212,19,0,0
BRDA:212,20,0,324
BRDA:212,20,1,324
BRDA:212,20,2,324
BRDA:217,21,0,147
BRDA:227,22,0,0
BRDA:244,23,0,4
BRDA:247,24,0,32801
BRDA:247,25,0,269855
BRDA:247,25,1,249276
BRDA:254,26,0,6863
BRDA:254,27,0,94412
BRDA:254,27,1,84815
BRDA:265,28,0,2193
BRDA:265,29,0,59433
BRDA:265,29,1,40215
BRDA:265,29,2,27164
BRDA:283,30,0,294
BRDA:303,31,0,5381
BRDA:308,32,0,5381
BRDA:312,33,0,4
BRDA:320,34,0,5381
BRDA:325,35,0,294
BRDA:344,36,0,1
BRDA:344,36,1,1
BRDA:344,36,2,1
BRDA:344,36,3,0
BRDA:344,36,4,0
BRF:55
BRH:42
end_of_record
TN:
SF:src\index.ts
FN:1,(anonymous_4)
FNF:1
FNH:1
FNDA:10,(anonymous_4)
DA:1,11
DA:2,1
LF:2
LH:2
BRF:0
BRH:0
end_of_record
TN:
SF:src\types.ts
FN:4,(anonymous_0)
FNF:1
FNH:1
FNDA:1,(anonymous_0)
DA:4,1
DA:5,1
DA:6,1
DA:7,1
DA:8,1
LF:5
LH:5
BRDA:4,0,0,1
BRDA:4,0,1,1
BRF:2
BRH:2
end_of_record
