TN:
SF:src/Sudoku.ts
FN:14,(anonymous_0)
FN:7,(anonymous_1)
FN:24,(anonymous_2)
FN:25,(anonymous_3)
FN:33,(anonymous_4)
FN:39,(anonymous_5)
FN:48,(anonymous_6)
FN:50,(anonymous_7)
FN:59,(anonymous_8)
FN:72,(anonymous_9)
FN:115,(anonymous_10)
FN:124,(anonymous_11)
FN:128,(anonymous_12)
FN:139,(anonymous_13)
FN:147,(anonymous_14)
FN:149,(anonymous_15)
FN:157,(anonymous_16)
FN:186,(anonymous_17)
FN:219,(anonymous_18)
FN:234,(anonymous_19)
FN:235,(anonymous_20)
FN:244,(anonymous_21)
FN:286,(anonymous_22)
FN:332,(anonymous_23)
FN:366,(anonymous_24)
FN:385,(anonymous_25)
FN:434,(anonymous_26)
FN:446,(anonymous_27)
FN:465,(anonymous_28)
FNF:29
FNH:25
FNDA:10,(anonymous_0)
FNDA:90,(anonymous_1)
FNDA:13,(anonymous_2)
FNDA:117,(anonymous_3)
FNDA:3,(anonymous_4)
FNDA:18,(anonymous_5)
FNDA:3,(anonymous_6)
FNDA:27,(anonymous_7)
FNDA:27,(anonymous_8)
FNDA:3,(anonymous_9)
FNDA:4,(anonymous_10)
FNDA:36,(anonymous_11)
FNDA:36,(anonymous_12)
FNDA:2,(anonymous_13)
FNDA:1,(anonymous_14)
FNDA:9,(anonymous_15)
FNDA:0,(anonymous_16)
FNDA:4,(anonymous_17)
FNDA:1,(anonymous_18)
FNDA:0,(anonymous_19)
FNDA:0,(anonymous_20)
FNDA:0,(anonymous_21)
FNDA:5,(anonymous_22)
FNDA:28215,(anonymous_23)
FNDA:4,(anonymous_24)
FNDA:3235,(anonymous_25)
FNDA:3231,(anonymous_26)
FNDA:3,(anonymous_27)
FNDA:3,(anonymous_28)
DA:1,1
DA:6,1
DA:7,90
DA:8,10
DA:15,10
DA:16,3
DA:25,117
DA:34,3
DA:35,1
DA:39,18
DA:40,2
DA:50,27
DA:53,3
DA:56,3
DA:59,27
DA:62,3
DA:63,3
DA:65,3
DA:74,3
DA:75,3
DA:78,3
DA:79,24
DA:80,24
DA:84,3
DA:85,3
DA:86,3
DA:88,3
DA:89,49
DA:92,49
DA:93,49
DA:96,49
DA:97,7
DA:101,42
DA:102,88
DA:103,42
DA:104,42
DA:105,42
DA:116,4
DA:118,4
DA:120,0
DA:124,36
DA:126,4
DA:127,4
DA:128,36
DA:129,4
DA:132,0
DA:140,2
DA:149,9
DA:150,1
DA:158,0
DA:159,0
DA:160,0
DA:161,0
DA:166,0
DA:167,0
DA:168,0
DA:169,0
DA:177,0
DA:187,4
DA:190,4
DA:191,0
DA:195,4
DA:196,0
DA:200,4
DA:201,0
DA:205,4
DA:206,1
DA:210,3
DA:211,3
DA:220,1
DA:223,1
DA:224,0
DA:227,1
DA:228,1
DA:235,0
DA:236,0
DA:245,0
DA:246,0
DA:249,0
DA:251,0
DA:252,0
DA:254,0
DA:256,0
DA:257,0
DA:260,0
DA:261,0
DA:265,0
DA:268,0
DA:269,0
DA:274,0
DA:276,0
DA:288,5
DA:289,1
DA:292,4
DA:293,36
DA:294,0
DA:298,36
DA:299,324
DA:300,324
DA:301,0
DA:305,324
DA:306,147
DA:310,177
DA:311,177
DA:312,177
DA:313,177
DA:315,177
DA:316,0
DA:321,4
DA:334,28215
DA:335,162659
DA:336,19276
DA:341,8939
DA:342,57344
DA:343,4372
DA:348,4567
DA:349,4567
DA:351,4567
DA:352,12559
DA:353,36540
DA:354,1114
DA:359,3453
DA:367,4
DA:369,4
DA:370,36
DA:371,324
DA:372,252
DA:377,4
DA:387,3235
DA:389,3235
DA:390,13191
DA:391,108664
DA:392,3231
DA:393,3231
DA:396,13191
DA:400,3235
DA:401,4
DA:404,3231
DA:407,3231
DA:408,3231
DA:411,3231
DA:412,27946
DA:414,3231
DA:417,3231
DA:418,252
DA:422,2979
DA:427,2979
DA:435,3231
DA:436,25848
DA:437,25848
DA:447,3
DA:449,1
DA:451,1
DA:453,1
DA:455,0
DA:457,0
DA:466,3
DA:469,3
DA:470,27
DA:471,243
DA:476,3
DA:477,240
DA:478,240
DA:482,3
DA:483,132
DA:484,132
LF:166
LH:129
BRDA:15,0,0,3
BRDA:34,1,0,1
BRDA:48,2,0,1
BRDA:88,3,0,52
BRDA:88,3,1,49
BRDA:96,4,0,7
BRDA:102,5,0,42
BRDA:118,6,0,0
BRDA:126,7,0,4
BRDA:150,8,0,1
BRDA:150,8,1,1
BRDA:158,9,0,0
BRDA:160,10,0,0
BRDA:168,11,0,0
BRDA:190,12,0,0
BRDA:190,13,0,4
BRDA:190,13,1,4
BRDA:190,13,2,4
BRDA:190,13,3,4
BRDA:195,14,0,0
BRDA:195,15,0,4
BRDA:195,15,1,4
BRDA:200,16,0,0
BRDA:205,17,0,1
BRDA:223,18,0,0
BRDA:223,19,0,1
BRDA:223,19,1,1
BRDA:223,19,2,1
BRDA:223,19,3,1
BRDA:245,20,0,0
BRDA:245,20,1,0
BRDA:256,21,0,0
BRDA:256,21,1,0
BRDA:260,22,0,0
BRDA:268,23,0,0
BRDA:268,24,0,0
BRDA:268,24,1,0
BRDA:288,25,0,1
BRDA:293,26,0,0
BRDA:300,27,0,0
BRDA:300,28,0,324
BRDA:300,28,1,324
BRDA:300,28,2,324
BRDA:305,29,0,147
BRDA:315,30,0,0
BRDA:332,31,0,92
BRDA:335,32,0,19276
BRDA:335,33,0,162659
BRDA:335,33,1,149709
BRDA:342,34,0,4372
BRDA:342,35,0,57344
BRDA:342,35,1,51496
BRDA:353,36,0,1114
BRDA:353,37,0,36540
BRDA:353,37,1,24489
BRDA:353,37,2,16578
BRDA:371,38,0,252
BRDA:391,39,0,3231
BRDA:396,40,0,3231
BRDA:400,41,0,4
BRDA:412,42,0,3231
BRDA:417,43,0,252
BRDA:447,44,0,1
BRDA:447,44,1,1
BRDA:447,44,2,1
BRDA:447,44,3,0
BRDA:447,44,4,0
BRF:67
BRH:46
end_of_record
TN:
SF:src/index.ts
FN:1,(anonymous_4)
FNF:1
FNH:1
FNDA:10,(anonymous_4)
DA:1,11
DA:2,1
LF:2
LH:2
BRF:0
BRH:0
end_of_record
TN:
SF:src/types.ts
FN:4,(anonymous_0)
FNF:1
FNH:1
FNDA:1,(anonymous_0)
DA:4,1
DA:5,1
DA:6,1
DA:7,1
DA:8,1
LF:5
LH:5
BRDA:4,0,0,1
BRDA:4,0,1,1
BRF:2
BRH:2
end_of_record
